#
# A fatal error has been detected by the Java Runtime Environment:
#
#  Internal Error (jvmciRuntime.cpp:1609), pid=233, tid=303
#  fatal error: Fatal exception in JVMCI: Error calling jdk.vm.ci.services.Services.serializeSavedProperties
#
# JRE version: OpenJDK Runtime Environment GraalVM CE 22.3.0 (17.0.5+8) (build 17.0.5+8-jvmci-22.3-b08)
# Java VM: OpenJDK 64-Bit Server VM GraalVM CE 22.3.0 (17.0.5+8-jvmci-22.3-b08, mixed mode, sharing, tiered, jvmci, jvmci compiler, compressed oops, compressed class ptrs, parallel gc, linux-amd64)
# Problematic frame:
# V  [libjvm.so+0x972714]  JVMCIRuntime::fatal_exception(JVMCIEnv*, char const*)+0x74
#
# Core dump will be written. Default location: Core dumps may be processed with "/usr/share/apport/apport -p%p -s%s -c%c -d%d -P%P -u%u -g%g -- %E" (or dumping to /home/runner/ObjectClasses-Review/core.233)
#
# If you would like to submit a bug report, please visit:
#   https://github.com/oracle/graal/issues
#

---------------  S U M M A R Y ------------

Command Line: -XX:ThreadPriorityPolicy=1 -XX:+UnlockExperimentalVMOptions -XX:+EnableJVMCIProduct -XX:JVMCIThreadsPerNativeLibraryRuntime=1 -XX:-UnlockExperimentalVMOptions -Declipse.application=org.eclipse.jdt.ls.core.id1 -Dosgi.bundles.defaultStartLevel=4 -Declipse.product=org.eclipse.jdt.ls.core.product -Dlog.level=ALL -Xverify:none -XX:+UseParallelGC -XX:GCTimeRatio=4 -XX:AdaptiveSizePolicyWeight=90 -Dsun.zip.disableMemoryMapping=true -Xmx512m -Xms100m /nix/store/q9712qvwdh22a4krw4jz2sjrz07mvjbl-jdt-language-server-1.9.0/share/java/plugins/org.eclipse.equinox.launcher_1.6.400.v20210924-0641.jar --add-modules=ALL-SYSTEM --add-opens java.base/java.util=ALL-UNNAMED --add-opens java.base/java.lang=ALL-UNNAMED -configuration /home/runner/ObjectClasses-Review/.cache/jdt-language-server/config -data /home/runner/.cache/jdt-language-server/data/home/runner/ObjectClasses-Review

Host: AMD EPYC 7B12, 8 cores, 1G, Ubuntu 20.04.2 LTS
Time: Sun Mar 24 15:54:07 2024 UTC elapsed time: 2771.385755 seconds (0d 0h 46m 11s)

---------------  T H R E A D  ---------------

Current thread (0x00007c0a600b1ab0):  JavaThread "JVMCI-native CompilerThread0" daemon [_thread_in_vm, id=303, stack(0x00007c0a46ecd000,0x00007c0a470cd000)]


Current CompileTask:
JVMCI-native:2771386 7310   !   4       org.eclipse.jdt.internal.core.Openable::exists (114 bytes)

Stack: [0x00007c0a46ecd000,0x00007c0a470cd000],  sp=0x00007c0a470cb380,  free space=2040k
Native frames: (J=compiled Java code, j=interpreted, Vv=VM code, C=native code)
V  [libjvm.so+0x972714]  JVMCIRuntime::fatal_exception(JVMCIEnv*, char const*)+0x74
V  [libjvm.so+0x93e2fe]  JVMCIEnv::copy_saved_properties()+0x14e
V  [libjvm.so+0x9732a9]  JVMCIRuntime::initialize(JVMCIEnv*)+0xb19
V  [libjvm.so+0x9738a2]  JVMCIRuntime::get_HotSpotJVMCIRuntime(JVMCIEnv*)+0x12
V  [libjvm.so+0x9749f2]  JVMCIRuntime::compile_method(JVMCIEnv*, JVMCICompiler*, methodHandle const&, int)+0xd2
V  [libjvm.so+0x5b0d20]  CompileBroker::invoke_compiler_on_method(CompileTask*)+0x1470
V  [libjvm.so+0x5b12e8]  CompileBroker::compiler_thread_loop()+0x528
V  [libjvm.so+0xd82460]  JavaThread::thread_main_inner()+0xd0
V  [libjvm.so+0xd85a40]  Thread::call_run()+0xc0
V  [libjvm.so+0xbdb1e1]  thread_native_entry(Thread*)+0xe1

Register to memory mapping:

RAX=0x00007c0a66b87000 points into unknown readable memory: 0x0000000000000058 | 58 00 00 00 00 00 00 00
RBX=0x00007c0a67c82398: <offset 0x0000000000ef5398> in /nix/store/gpxl5qgg8kicmcvivwmybwjlpf7wh20l-graalvm17-ce-22.3.0/lib/server/libjvm.so at 0x00007c0a66d8d000
RCX=0x00007c0a67c3a1e8: <offset 0x0000000000ead1e8> in /nix/store/gpxl5qgg8kicmcvivwmybwjlpf7wh20l-graalvm17-ce-22.3.0/lib/server/libjvm.so at 0x00007c0a66d8d000
RDX=0x0000000000000649 is an unknown value
RSP=0x00007c0a470cb380 is pointing into the stack for thread: 0x00007c0a600b1ab0
RBP=0x00007c0a470cb3a0 is pointing into the stack for thread: 0x00007c0a600b1ab0
RSI=0x00007c0a67c82c48: <offset 0x0000000000ef5c48> in /nix/store/gpxl5qgg8kicmcvivwmybwjlpf7wh20l-graalvm17-ce-22.3.0/lib/server/libjvm.so at 0x00007c0a66d8d000
RDI=0x00000000e0000000 is an oop: java.util.LinkedHashMap$Entry 
{0x00000000e0000000} - klass: 'java/util/LinkedHashMap$Entry'
 - ---- fields (total size 5 words):
 - final 'hash' 'I' @12  -2034522908 (86bba4e4)
 - final 'key' 'Ljava/lang/Object;' @16  a 'java/util/jar/Attributes$Name'{0x00000000e05c6ca8} (e05c6ca8)
 - 'value' 'Ljava/lang/Object;' @20  "Ws/sduWQD19OR9KnBTC7cKyaYXMLAT1feWVytpqFz7M="{0x00000000e0000028} (e0000028)
 - 'next' 'Ljava/util/HashMap$Node;' @24  NULL (0)
 - 'before' 'Ljava/util/LinkedHashMap$Entry;' @28  NULL (0)
 - 'after' 'Ljava/util/LinkedHashMap$Entry;' @32  NULL (0)
R8 =0x00007c0a67c82398: <offset 0x0000000000ef5398> in /nix/store/gpxl5qgg8kicmcvivwmybwjlpf7wh20l-graalvm17-ce-22.3.0/lib/server/libjvm.so at 0x00007c0a66d8d000
R9 =0x00007c0a470cb330 is pointing into the stack for thread: 0x00007c0a600b1ab0
R10=0x00007c0a470cc948 is pointing into the stack for thread: 0x00007c0a600b1ab0
R11=0x0000000000000293 is an unknown value
R12=0x0 is NULL
R13=0x00007c0a600b1ab0 is a thread
R14=0x00007c0a60000b80 points into unknown readable memory: 0x00007c0a67eb3a38 | 38 3a eb 67 0a 7c 00 00
R15=0x00007c0a67fc1e40: <offset 0x0000000001234e40> in /nix/store/gpxl5qgg8kicmcvivwmybwjlpf7wh20l-graalvm17-ce-22.3.0/lib/server/libjvm.so at 0x00007c0a66d8d000


Registers:
RAX=0x00007c0a66b87000, RBX=0x00007c0a67c82398, RCX=0x00007c0a67c3a1e8, RDX=0x0000000000000649
RSP=0x00007c0a470cb380, RBP=0x00007c0a470cb3a0, RSI=0x00007c0a67c82c48, RDI=0x00000000e0000000
R8 =0x00007c0a67c82398, R9 =0x00007c0a470cb330, R10=0x00007c0a470cc948, R11=0x0000000000000293
R12=0x0000000000000000, R13=0x00007c0a600b1ab0, R14=0x00007c0a60000b80, R15=0x00007c0a67fc1e40
RIP=0x00007c0a676ff714, EFLAGS=0x0000000000010206, CSGSFS=0x002b000000000033, ERR=0x0000000000000006
  TRAPNO=0x000000000000000e

Top of Stack: (sp=0x00007c0a470cb380)
0x00007c0a470cb380:   00007c0a470cb940 00007c0a600b1ab0
0x00007c0a470cb390:   00007c0a655188c8 0000000800c417a0
0x00007c0a470cb3a0:   00007c0a470cb500 00007c0a676cb2fe
0x00007c0a470cb3b0:   00007c0a470cb3e0 00007c0a470cb440 

Instructions: (pc=0x00007c0a676ff714)
0x00007c0a676ff614:   30 e8 f6 cf e8 ff 4c 89 e7 e8 2e 48 d1 ff 84 db
0x00007c0a676ff624:   75 2a 4d 85 ed 74 04 4d 8b 6d 00 48 83 c4 08 44
0x00007c0a676ff634:   89 f9 4c 89 f2 4c 89 ee 5b 4c 89 e7 41 5c 41 5d
0x00007c0a676ff644:   41 5e 41 5f 5d e9 e2 47 d1 ff 66 90 48 83 c4 08
0x00007c0a676ff654:   5b 41 5c 41 5d 41 5e 41 5f 5d c3 90 31 d2 be 08
0x00007c0a676ff664:   00 00 00 4c 89 ff e8 b1 78 a3 ff 49 89 c5 e9 37
0x00007c0a676ff674:   ff ff ff 66 0f 1f 84 00 00 00 00 00 48 8b 7a 08
0x00007c0a676ff684:   e9 6d ff ff ff 0f 1f 80 00 00 00 00 e8 5b 48 0a
0x00007c0a676ff694:   00 84 c0 75 89 e9 6a ff ff ff 66 90 55 48 89 e5
0x00007c0a676ff6a4:   41 56 41 55 41 54 49 89 fc 53 48 89 f3 66 48 8d
0x00007c0a676ff6b4:   3d 27 5e 85 00 66 66 48 e8 df 43 8d ff 4c 8b 28
0x00007c0a676ff6c4:   8b 05 be 72 8a 00 85 c0 75 14 ba 01 00 00 00 48
0x00007c0a676ff6d4:   8d 0d ae 72 8a 00 f0 0f b1 11 85 c0 74 4e be c8
0x00007c0a676ff6e4:   00 00 00 4c 89 ef e8 01 0b 41 00 48 8d 05 12 ac
0x00007c0a676ff6f4:   85 00 49 89 d8 48 8d 0d e8 aa 53 00 ba 49 06 00
0x00007c0a676ff704:   00 48 8d 35 3c 35 58 00 bf 00 00 00 e0 48 8b 00
0x00007c0a676ff714:   c6 00 58 31 c0 e8 e2 91 c6 ff 5b 41 5c 41 5d 41
0x00007c0a676ff724:   5e 5d e9 55 34 26 00 0f 1f 44 00 00 48 8d 05 81
0x00007c0a676ff734:   a3 8b 00 48 89 df 4c 8b 30 e8 9e 43 8d ff 48 89
0x00007c0a676ff744:   de 48 89 c2 49 8b 06 4c 89 f7 ff 50 08 4c 89 f7
0x00007c0a676ff754:   e8 a7 5c 27 00 4d 85 e4 74 12 be 01 00 00 00 4c
0x00007c0a676ff764:   89 e7 e8 35 43 fc ff eb 82 0f 1f 00 be 01 00 00
0x00007c0a676ff774:   00 4c 89 ef e8 d3 fd ff ff e9 6d ff ff ff 66 66
0x00007c0a676ff784:   2e 0f 1f 84 00 00 00 00 00 0f 1f 00 55 48 89 e5
0x00007c0a676ff794:   41 57 41 56 41 55 41 54 53 48 81 ec 08 02 00 00
0x00007c0a676ff7a4:   64 48 8b 04 25 28 00 00 00 48 89 45 c8 8b 07 83
0x00007c0a676ff7b4:   f8 02 0f 84 11 04 00 00 4c 8b 6f 18 49 89 ff 49
0x00007c0a676ff7c4:   89 f4 4d 85 ed 74 14 4c 89 ef e8 5d 57 22 00 41
0x00007c0a676ff7d4:   8b 07 83 f8 02 0f 84 19 04 00 00 48 8d 1d 9a 06
0x00007c0a676ff7e4:   8a 00 4c 8d 35 0b 3c 58 00 eb 38 90 48 85 d2 7f
0x00007c0a676ff7f4:   0d 48 8d 05 b4 c0 85 00 48 83 38 00 7e 0e 41 8b
0x00007c0a676ff804:   77 2c 4c 89 f7 31 c0 e8 a0 b2 f7 ff 49 8b 7f 18 


Stack slot to memory mapping:
stack at sp + 0 slots: 0x00007c0a470cb940 is pointing into the stack for thread: 0x00007c0a600b1ab0
stack at sp + 1 slots: 0x00007c0a600b1ab0 is a thread
stack at sp + 2 slots: 0x00007c0a655188c8 points into unknown readable memory: 0x65730018052dffff | ff ff 2d 05 18 00 73 65
stack at sp + 3 slots: 0x0000000800c417a0 is a pointer to class: 
jdk.vm.ci.services.Services {0x0000000800c417a0}
 - instance size:     2
 - klass size:        65
 - access:            public final synchronized 
 - state:             fully_initialized
 - name:              'jdk/vm/ci/services/Services'
 - super:             'java/lang/Object'
 - sub:               
 - arrays:            NULL
 - methods:           Array<T>(0x00007c0a64445d38)
 - method ordering:   Array<T>(0x0000000800928960)
 - default_methods:   Array<T>(0x0000000000000000)
 - local interfaces:  Array<T>(0x00000008005ce810)
 - trans. interfaces: Array<T>(0x00000008005ce810)
 - constants:         constant pool [427] {0x00007c0a64444c48} for 'jdk/vm/ci/services/Services' cache=0x00007c0a64447008
 - class loader data:  loader data: 0x00007c0a60027bb0 of 'bootstrap'
 - source file:       'Services.java'
 - class annotations:       Array<T>(0x0000000000000000)
 - class type annotations:  Array<T>(0x0000000000000000)
 - field annotations:       Array<T>(0x0000000000000000)
 - field type annotations:  Array<T>(0x0000000000000000)
 - inner classes:     Array<T>(0x00007c0a64446fd8)
 - nest members:     Array<T>(0x00007c0a64446ff8)
 - permitted subclasses:     Array<T>(0x00000008005ce7a0)
 - java mirror:       a 'java/lang/Class'{0x00000000e02ae1e0} = 'jdk/vm/ci/services/Services'
 - vtable length      5  (start addr: 0x0000000800c41970)
 - itable length      2 (start addr: 0x0000000800c41998)
 - ---- static fields (3 words):
 - public static final 'IS_BUILDING_NATIVE_IMAGE' 'Z' @128 
 - public static final 'IS_IN_NATIVE_IMAGE' 'Z' @129 
 - private static volatile 'savedProperties' 'Ljava/util/Map;' @112 
 - static final 'JVMCI_ENABLED' 'Z' @130 
 - private static final 'servicesCache' 'Ljava/util/Map;' @116 
 - private static final 'MAX_UNICODE_IN_UTF8_LENGTH' 'I' @120 
 - private static final 'MAX_UTF8_PROPERTY_STRING_LENGTH' 'I' @124 
 - ---- non-static fields (0 words):
 - non-static oop maps: 
stack at sp + 4 slots: 0x00007c0a470cb500 is pointing into the stack for thread: 0x00007c0a600b1ab0
stack at sp + 5 slots: 0x00007c0a676cb2fe: <offset 0x000000000093e2fe> in /nix/store/gpxl5qgg8kicmcvivwmybwjlpf7wh20l-graalvm17-ce-22.3.0/lib/server/libjvm.so at 0x00007c0a66d8d000
stack at sp + 6 slots: 0x00007c0a470cb3e0 is pointing into the stack for thread: 0x00007c0a600b1ab0
stack at sp + 7 slots: 0x00007c0a470cb440 is pointing into the stack for thread: 0x00007c0a600b1ab0


---------------  P R O C E S S  ---------------

Threads class SMR info:
_java_thread_list=0x00007c09d013a910, length=27, elements={
0x00007c0a60025e50, 0x00007c0a600a5d70, 0x00007c0a600a71b0, 0x00007c0a600ad920,
0x00007c0a600aecd0, 0x00007c0a600b00c0, 0x00007c0a600b1ab0, 0x00007c0a600b2fc0,
0x00007c0a600b4410, 0x00007c0a600d7540, 0x00007c0a6011ed70, 0x00007c0a602e5380,
0x00007c0a60308610, 0x00007c0a6030b440, 0x00007c09fc032e50, 0x00007c09fc415c50,
0x00007c09fc4b7610, 0x00007c09fc48d020, 0x00007c09fc766070, 0x00007c0a603651f0,
0x00007c0a60400460, 0x00007c09e4000ff0, 0x00007c09d400f3f0, 0x00007c09d0139770,
0x00007c09d0143030, 0x00007c09d01391f0, 0x00007c09d013a130
}

Java Threads: ( => current thread )
  0x00007c0a60025e50 JavaThread "main" [_thread_blocked, id=294, stack(0x00007c0a66ba8000,0x00007c0a66ca8000)]
  0x00007c0a600a5d70 JavaThread "Reference Handler" daemon [_thread_blocked, id=298, stack(0x00007c0a64300000,0x00007c0a64400000)]
  0x00007c0a600a71b0 JavaThread "Finalizer" daemon [_thread_blocked, id=299, stack(0x00007c0a64200000,0x00007c0a64300000)]
  0x00007c0a600ad920 JavaThread "Signal Dispatcher" daemon [_thread_blocked, id=300, stack(0x00007c0a64100000,0x00007c0a64200000)]
  0x00007c0a600aecd0 JavaThread "Service Thread" daemon [_thread_blocked, id=301, stack(0x00007c0a64000000,0x00007c0a64100000)]
  0x00007c0a600b00c0 JavaThread "Monitor Deflation Thread" daemon [_thread_blocked, id=302, stack(0x00007c0a470cd000,0x00007c0a471cd000)]
=>0x00007c0a600b1ab0 JavaThread "JVMCI-native CompilerThread0" daemon [_thread_in_vm, id=303, stack(0x00007c0a46ecd000,0x00007c0a470cd000)]
  0x00007c0a600b2fc0 JavaThread "C1 CompilerThread0" daemon [_thread_blocked, id=304, stack(0x00007c0a46ccd000,0x00007c0a46ecd000)]
  0x00007c0a600b4410 JavaThread "Sweeper thread" daemon [_thread_blocked, id=305, stack(0x00007c0a46bcd000,0x00007c0a46ccd000)]
  0x00007c0a600d7540 JavaThread "Common-Cleaner" daemon [_thread_blocked, id=306, stack(0x00007c0a46acd000,0x00007c0a46bcd000)]
  0x00007c0a6011ed70 JavaThread "Notification Thread" daemon [_thread_blocked, id=307, stack(0x00007c0a469cd000,0x00007c0a46acd000)]
  0x00007c0a602e5380 JavaThread "Active Thread: Equinox Container: 9a4d50c6-d859-46b6-a7cb-b24cd6435063" [_thread_blocked, id=321, stack(0x00007c0a467cb000,0x00007c0a468cb000)]
  0x00007c0a60308610 JavaThread "Framework Event Dispatcher: Equinox Container: 9a4d50c6-d859-46b6-a7cb-b24cd6435063" daemon [_thread_blocked, id=328, stack(0x00007c0a44300000,0x00007c0a44400000)]
  0x00007c0a6030b440 JavaThread "Start Level: Equinox Container: 9a4d50c6-d859-46b6-a7cb-b24cd6435063" daemon [_thread_blocked, id=329, stack(0x00007c0a44100000,0x00007c0a44200000)]
  0x00007c09fc032e50 JavaThread "SCR Component Actor" daemon [_thread_blocked, id=331, stack(0x00007c0a0ed00000,0x00007c0a0ee00000)]
  0x00007c09fc415c50 JavaThread "Worker-JM" [_thread_blocked, id=350, stack(0x00007c0a0e900000,0x00007c0a0ea00000)]
  0x00007c09fc4b7610 JavaThread "Worker-0: Java indexing... " [_thread_blocked, id=354, stack(0x00007c0a0e700000,0x00007c0a0e800000)]
  0x00007c09fc48d020 JavaThread "Java indexing" daemon [_thread_blocked, id=363, stack(0x00007c0a0e100000,0x00007c0a0e200000)]
  0x00007c09fc766070 JavaThread "Bundle File Closer" daemon [_thread_blocked, id=366, stack(0x00007c0a0eb00000,0x00007c0a0ec00000)]
  0x00007c0a603651f0 JavaThread "pool-3-thread-1" [_thread_blocked, id=373, stack(0x00007c0a0e200000,0x00007c0a0e300000)]
  0x00007c0a60400460 JavaThread "pool-2-thread-1" [_thread_blocked, id=378, stack(0x00007c0a0df00000,0x00007c0a0e000000)]
  0x00007c09e4000ff0 JavaThread "Worker-3" [_thread_blocked, id=385, stack(0x00007c0a0dd00000,0x00007c0a0de00000)]
  0x00007c09d400f3f0 JavaThread "Worker-5" [_thread_blocked, id=2960, stack(0x00007c0a0e300000,0x00007c0a0e400000)]
  0x00007c09d0139770 JavaThread "Thread-9" [_thread_blocked, id=4742, stack(0x00007c0a44200000,0x00007c0a44300000)]
  0x00007c09d0143030 JavaThread "Thread-11" [_thread_blocked, id=5284, stack(0x00007c0a0e500000,0x00007c0a0e600000)]
  0x00007c09d01391f0 JavaThread "Thread-13" [_thread_blocked, id=5815, stack(0x00007c0a44000000,0x00007c0a44100000)]
  0x00007c09d013a130 JavaThread "Thread-14" [_thread_blocked, id=6491, stack(0x00007c0a0db00000,0x00007c0a0dc00000)]

Other Threads:
  0x00007c0a600a14b0 VMThread "VM Thread" [stack: 0x00007c0a64cc1000,0x00007c0a64dc1000] [id=297] _threads_hazard_ptr=0x00007c09d013a910
  0x00007c0a60120710 WatcherThread [stack: 0x00007c0a468cd000,0x00007c0a469cd000] [id=308]
  0x00007c0a6003d760 GCTaskThread "GC Thread#0" [stack: 0x00007c0a6676b000,0x00007c0a6686b000] [id=296]

Threads with active compile tasks:
JVMCI-native CompilerThread0  2771478 7310   !   4       org.eclipse.jdt.internal.core.Openable::exists (114 bytes)

VM state: synchronizing (normal execution)

VM Mutex/Monitor currently owned by a thread:  ([mutex/lock_event])
[0x00007c0a60022fa0] Threads_lock - owner thread: 0x00007c0a600a14b0
[0x00007c0a60023750] Heap_lock - owner thread: 0x00007c09d01391f0

OutOfMemory and StackOverflow Exception counts:
OutOfMemoryError java_heap_errors=5
LinkageErrors=65

Heap address: 0x00000000e0000000, size: 512 MB, Compressed Oops mode: 32-bit

CDS archive(s) mapped at: [0x0000000800000000-0x0000000800bc8000-0x0000000800bc8000), size 12353536, SharedBaseAddress: 0x0000000800000000, ArchiveRelocationMode: 0.
Compressed class space mapped at: 0x0000000800c00000-0x0000000840c00000, reserved size: 1073741824
Narrow klass base: 0x0000000800000000, Narrow klass shift: 0, Narrow klass range: 0x100000000

GC Precious Log:
 CPUs: 8 total, 1 available
 Memory: 1024M
 Large Page Support: Disabled
 NUMA Support: Disabled
 Compressed Oops: Enabled (32-bit)
 Alignments: Space 512K, Generation 512K, Heap 2M
 Heap Min Capacity: 100M
 Heap Initial Capacity: 100M
 Heap Max Capacity: 512M
 Pre-touch: Disabled
 Parallel Workers: 1

Heap:
 PSYoungGen      total 70656K, used 46079K [0x00000000f5580000, 0x00000000fb800000, 0x0000000100000000)
  eden space 46080K, 99% used [0x00000000f5580000,0x00000000f827fff8,0x00000000f8280000)
  from space 24576K, 0% used [0x00000000fa000000,0x00000000fa000000,0x00000000fb800000)
  to   space 19456K, 0% used [0x00000000f8280000,0x00000000f8280000,0x00000000f9580000)
 ParOldGen       total 349696K, used 349694K [0x00000000e0000000, 0x00000000f5580000, 0x00000000f5580000)
  object space 349696K, 99% used [0x00000000e0000000,0x00000000f557fa68,0x00000000f5580000)
 Metaspace       used 48740K, committed 49728K, reserved 1097728K
  class space    used 4797K, committed 5184K, reserved 1048576K

Card table byte_map: [0x00007c0a6686b000,0x00007c0a6696c000] _byte_map_base: 0x00007c0a6616b000

Marking Bits: (ParMarkBitMap*) 0x00007c0a67fbb4c0
 Begin Bits: [0x00007c0a656be000, 0x00007c0a65ebe000)
 End Bits:   [0x00007c0a65ebe000, 0x00007c0a666be000)

Polling page: 0x00007c0a66b85000

Metaspace:

Usage:
  Non-class:     42.91 MB used.
      Class:      4.68 MB used.
       Both:     47.60 MB used.

Virtual space:
  Non-class space:       48.00 MB reserved,      43.50 MB ( 91%) committed,  6 nodes.
      Class space:        1.00 GB reserved,       5.06 MB ( <1%) committed,  1 nodes.
             Both:        1.05 GB reserved,      48.56 MB (  5%) committed. 

Chunk freelists:
   Non-Class:  665.00 KB
       Class:  3.03 MB
        Both:  3.68 MB

MaxMetaspaceSize: unlimited
CompressedClassSpaceSize: 1.00 GB
Initial GC threshold: 21.00 MB
Current GC threshold: 80.88 MB
CDS: on
MetaspaceReclaimPolicy: balanced
 - commit_granule_bytes: 65536.
 - commit_granule_words: 8192.
 - virtual_space_node_default_size: 1048576.
 - enlarge_chunks_in_place: 1.
 - new_chunks_are_fully_committed: 0.
 - uncommit_free_chunks: 1.
 - use_allocation_guard: 0.
 - handle_deallocations: 1.


Internal statistics:

num_allocs_failed_limit: 6.
num_arena_births: 430.
num_arena_deaths: 134.
num_vsnodes_births: 7.
num_vsnodes_deaths: 0.
num_space_committed: 776.
num_space_uncommitted: 0.
num_chunks_returned_to_freelist: 188.
num_chunks_taken_from_freelist: 2420.
num_chunk_merges: 80.
num_chunk_splits: 1591.
num_chunks_enlarged: 1002.
num_purges: 2.
num_inconsistent_stats: 0.

CodeHeap 'non-profiled nmethods': size=120036Kb used=2622Kb max_used=2622Kb free=117413Kb
 bounds [0x00007c0a4ef7a000, 0x00007c0a4f20a000, 0x00007c0a564b3000]
CodeHeap 'profiled nmethods': size=120032Kb used=11785Kb max_used=13829Kb free=108246Kb
 bounds [0x00007c0a47a42000, 0x00007c0a487f2000, 0x00007c0a4ef7a000]
CodeHeap 'non-nmethods': size=5692Kb used=1354Kb max_used=1358Kb free=4337Kb
 bounds [0x00007c0a474b3000, 0x00007c0a47723000, 0x00007c0a47a42000]
 total_blobs=6193 nmethods=5504 adapters=564
 compilation: enabled
              stopped_count=0, restarted_count=0
 full_count=0

JVMCI Events (20 events):
Event: 2388.719 Thread 0x00007c0a600b1ab0 destroyed JavaVM[11]@0x00007c0a0d59e340 for JVMCI runtime 0
Event: 2388.719 Thread 0x00007c0a600b1ab0 compacted oop handles in JVMCI runtime 0 from 58 to 58
Event: 2388.719 Thread 0x00007c0a600b1ab0 releasing handles for JVMCI runtime 0: oop handles=58, metadata handles={total=96, live=85, blocks=37}
Event: 2388.719 Thread 0x00007c0a600b1ab0 detached from JVMCI runtime 0
Event: 2622.083 Thread 0x00007c0a600b1ab0 attached to JVMCI runtime 0
Event: 2622.085 Thread 0x00007c0a600b1ab0 created JavaVM[12]@0x00007c0a0d59e340 for JVMCI runtime 0
Event: 2622.085 Thread 0x00007c0a600b1ab0 initializing JVMCI runtime 0
Event: 2622.085 Thread 0x00007c0a600b1ab0 done waiting for JavaVM references initialization in JVMCI runtime 0
Event: 2638.016 Thread 0x00007c0a600b1ab0 initialized JVMCI runtime 0
Event: 2639.516 Thread 0x00007c0a600b1ab0 detaching from JVMCI runtime 0: releasing idle compiler thread (0 other threads still attached)
Event: 2639.516 Thread 0x00007c0a600b1ab0 shutting down HotSpotJVMCIRuntime for JVMCI runtime 0
Event: 2639.516 Thread 0x00007c0a600b1ab0 shut down JVMCI runtime 0
Event: 2639.518 Thread 0x00007c0a600b1ab0 destroyed JavaVM[12]@0x00007c0a0d59e340 for JVMCI runtime 0
Event: 2639.518 Thread 0x00007c0a600b1ab0 compacted oop handles in JVMCI runtime 0 from 57 to 57
Event: 2639.518 Thread 0x00007c0a600b1ab0 releasing handles for JVMCI runtime 0: oop handles=57, metadata handles={total=111, live=101, blocks=37}
Event: 2639.518 Thread 0x00007c0a600b1ab0 detached from JVMCI runtime 0
Event: 2756.180 Thread 0x00007c0a600b1ab0 attached to JVMCI runtime 0
Event: 2756.182 Thread 0x00007c0a600b1ab0 created JavaVM[13]@0x00007c0a0d59e340 for JVMCI runtime 0
Event: 2757.875 Thread 0x00007c0a600b1ab0 initializing JVMCI runtime 0
Event: 2757.875 Thread 0x00007c0a600b1ab0 done waiting for JavaVM references initialization in JVMCI runtime 0

Compilation events (20 events):
Event: 2371.607 Thread 0x00007c0a600b2fc0 7301       1       org.eclipse.core.internal.resources.Workspace::getAliasManager (5 bytes)
Event: 2373.263 Thread 0x00007c0a600b2fc0 nmethod 7301 0x00007c0a4f208910 code [0x00007c0a4f208aa0, 0x00007c0a4f208b70]
Event: 2373.263 Thread 0x00007c0a600b1ab0 nmethod 7295 0x00007c0a4f208c10 code [0x00007c0a4f208d80, 0x00007c0a4f208e00]
Event: 2373.263 Thread 0x00007c0a600b1ab0 7300       4       java.util.ArrayList::toArray (57 bytes)
Event: 2381.114 Thread 0x00007c0a600b1ab0 nmethod 7300 0x00007c0a4f208f10 code [0x00007c0a4f2090c0, 0x00007c0a4f209360]
Event: 2388.720 Thread 0x00007c0a600b2fc0 7302       3       org.eclipse.core.internal.resources.Resource::getParent (79 bytes)
Event: 2390.457 Thread 0x00007c0a600b2fc0 nmethod 7302 0x00007c0a485c5810 code [0x00007c0a485c5a60, 0x00007c0a485c6340]
Event: 2537.017 Thread 0x00007c0a600b2fc0 7303       3       java.util.regex.Pattern::compile (500 bytes)
Event: 2538.780 Thread 0x00007c0a600b2fc0 nmethod 7303 0x00007c0a4802e890 code [0x00007c0a4802ece0, 0x00007c0a48032420]
Event: 2622.083 Thread 0x00007c0a600b1ab0 7305       4       java.util.Collections$UnmodifiableCollection::isEmpty (10 bytes)
Event: 2638.074 Thread 0x00007c0a600b1ab0 nmethod 7305 0x00007c0a4f209510 code [0x00007c0a4f2096e0, 0x00007c0a4f209878]
Event: 2650.189 Thread 0x00007c0a600b2fc0 7306   !   3       java.lang.ref.ReferenceQueue::remove (125 bytes)
Event: 2650.190 Thread 0x00007c0a600b2fc0 nmethod 7306 0x00007c0a47b69910 code [0x00007c0a47b69b40, 0x00007c0a47b6a2b0]
Event: 2671.078 Thread 0x00007c0a600b2fc0 7307       3       jdk.internal.reflect.UnsafeObjectFieldAccessorImpl::get (17 bytes)
Event: 2672.591 Thread 0x00007c0a600b2fc0 nmethod 7307 0x00007c0a48258c90 code [0x00007c0a48258e80, 0x00007c0a48259880]
Event: 2711.587 Thread 0x00007c0a600b2fc0 7308   !   3       jdk.internal.ref.PhantomCleanable::isListEmpty (34 bytes)
Event: 2711.588 Thread 0x00007c0a600b2fc0 nmethod 7308 0x00007c0a48253c10 code [0x00007c0a48253dc0, 0x00007c0a48254010]
Event: 2711.588 Thread 0x00007c0a600b2fc0 7309       3       jdk.internal.misc.InnocuousThread::eraseThreadLocals (23 bytes)
Event: 2711.588 Thread 0x00007c0a600b2fc0 nmethod 7309 0x00007c0a483ffd10 code [0x00007c0a483ffea0, 0x00007c0a483ffff0]
Event: 2756.180 Thread 0x00007c0a600b1ab0 7310   !   4       org.eclipse.jdt.internal.core.Openable::exists (114 bytes)

GC Heap History (20 events):
Event: 2756.182 GC heap before
{Heap before GC invocations=904 (full 839):
 PSYoungGen      total 70656K, used 46080K [0x00000000f5580000, 0x00000000fb800000, 0x0000000100000000)
  eden space 46080K, 100% used [0x00000000f5580000,0x00000000f8280000,0x00000000f8280000)
  from space 24576K, 0% used [0x00000000fa000000,0x00000000fa000000,0x00000000fb800000)
  to   space 19456K, 0% used [0x00000000f8280000,0x00000000f8280000,0x00000000f9580000)
 ParOldGen       total 349696K, used 349693K [0x00000000e0000000, 0x00000000f5580000, 0x00000000f5580000)
  object space 349696K, 99% used [0x00000000e0000000,0x00000000f557f708,0x00000000f5580000)
 Metaspace       used 48736K, committed 49728K, reserved 1097728K
  class space    used 4796K, committed 5184K, reserved 1048576K
}
Event: 2757.874 GC heap after
{Heap after GC invocations=904 (full 839):
 PSYoungGen      total 65536K, used 46077K [0x00000000f5580000, 0x00000000fb800000, 0x0000000100000000)
  eden space 46080K, 99% used [0x00000000f5580000,0x00000000f827f5d0,0x00000000f8280000)
  from space 19456K, 0% used [0x00000000f8280000,0x00000000f8280000,0x00000000f9580000)
  to   space 24576K, 0% used [0x00000000fa000000,0x00000000fa000000,0x00000000fb800000)
 ParOldGen       total 349696K, used 349693K [0x00000000e0000000, 0x00000000f5580000, 0x00000000f5580000)
  object space 349696K, 99% used [0x00000000e0000000,0x00000000f557f708,0x00000000f5580000)
 Metaspace       used 48736K, committed 49728K, reserved 1097728K
  class space    used 4796K, committed 5184K, reserved 1048576K
}
Event: 2757.875 GC heap before
{Heap before GC invocations=905 (full 840):
 PSYoungGen      total 65536K, used 46080K [0x00000000f5580000, 0x00000000fb800000, 0x0000000100000000)
  eden space 46080K, 100% used [0x00000000f5580000,0x00000000f8280000,0x00000000f8280000)
  from space 19456K, 0% used [0x00000000f8280000,0x00000000f8280000,0x00000000f9580000)
  to   space 24576K, 0% used [0x00000000fa000000,0x00000000fa000000,0x00000000fb800000)
 ParOldGen       total 349696K, used 349693K [0x00000000e0000000, 0x00000000f5580000, 0x00000000f5580000)
  object space 349696K, 99% used [0x00000000e0000000,0x00000000f557f708,0x00000000f5580000)
 Metaspace       used 48737K, committed 49728K, reserved 1097728K
  class space    used 4796K, committed 5184K, reserved 1048576K
}
Event: 2759.392 GC heap after
{Heap after GC invocations=905 (full 840):
 PSYoungGen      total 70656K, used 46077K [0x00000000f5580000, 0x00000000fb800000, 0x0000000100000000)
  eden space 46080K, 99% used [0x00000000f5580000,0x00000000f827f658,0x00000000f8280000)
  from space 24576K, 0% used [0x00000000fa000000,0x00000000fa000000,0x00000000fb800000)
  to   space 19456K, 0% used [0x00000000f8280000,0x00000000f8280000,0x00000000f9580000)
 ParOldGen       total 349696K, used 349693K [0x00000000e0000000, 0x00000000f5580000, 0x00000000f5580000)
  object space 349696K, 99% used [0x00000000e0000000,0x00000000f557f6f8,0x00000000f5580000)
 Metaspace       used 48737K, committed 49728K, reserved 1097728K
  class space    used 4796K, committed 5184K, reserved 1048576K
}
Event: 2759.393 GC heap before
{Heap before GC invocations=906 (full 841):
 PSYoungGen      total 70656K, used 46080K [0x00000000f5580000, 0x00000000fb800000, 0x0000000100000000)
  eden space 46080K, 100% used [0x00000000f5580000,0x00000000f8280000,0x00000000f8280000)
  from space 24576K, 0% used [0x00000000fa000000,0x00000000fa000000,0x00000000fb800000)
  to   space 19456K, 0% used [0x00000000f8280000,0x00000000f8280000,0x00000000f9580000)
 ParOldGen       total 349696K, used 349693K [0x00000000e0000000, 0x00000000f5580000, 0x00000000f5580000)
  object space 349696K, 99% used [0x00000000e0000000,0x00000000f557f6f8,0x00000000f5580000)
 Metaspace       used 48737K, committed 49728K, reserved 1097728K
  class space    used 4796K, committed 5184K, reserved 1048576K
}
Event: 2760.983 GC heap after
{Heap after GC invocations=906 (full 841):
 PSYoungGen      total 65536K, used 46077K [0x00000000f5580000, 0x00000000fb800000, 0x0000000100000000)
  eden space 46080K, 99% used [0x00000000f5580000,0x00000000f827f6c8,0x00000000f8280000)
  from space 19456K, 0% used [0x00000000f8280000,0x00000000f8280000,0x00000000f9580000)
  to   space 24576K, 0% used [0x00000000fa000000,0x00000000fa000000,0x00000000fb800000)
 ParOldGen       total 349696K, used 349693K [0x00000000e0000000, 0x00000000f5580000, 0x00000000f5580000)
  object space 349696K, 99% used [0x00000000e0000000,0x00000000f557f6f8,0x00000000f5580000)
 Metaspace       used 48737K, committed 49728K, reserved 1097728K
  class space    used 4796K, committed 5184K, reserved 1048576K
}
Event: 2760.984 GC heap before
{Heap before GC invocations=907 (full 842):
 PSYoungGen      total 65536K, used 46080K [0x00000000f5580000, 0x00000000fb800000, 0x0000000100000000)
  eden space 46080K, 100% used [0x00000000f5580000,0x00000000f8280000,0x00000000f8280000)
  from space 19456K, 0% used [0x00000000f8280000,0x00000000f8280000,0x00000000f9580000)
  to   space 24576K, 0% used [0x00000000fa000000,0x00000000fa000000,0x00000000fb800000)
 ParOldGen       total 349696K, used 349693K [0x00000000e0000000, 0x00000000f5580000, 0x00000000f5580000)
  object space 349696K, 99% used [0x00000000e0000000,0x00000000f557f6f8,0x00000000f5580000)
 Metaspace       used 48740K, committed 49728K, reserved 1097728K
  class space    used 4797K, committed 5184K, reserved 1048576K
}
Event: 2762.362 GC heap after
{Heap after GC invocations=907 (full 842):
 PSYoungGen      total 70656K, used 46079K [0x00000000f5580000, 0x00000000fb800000, 0x0000000100000000)
  eden space 46080K, 99% used [0x00000000f5580000,0x00000000f827fc10,0x00000000f8280000)
  from space 24576K, 0% used [0x00000000fa000000,0x00000000fa000000,0x00000000fb800000)
  to   space 19456K, 0% used [0x00000000f8280000,0x00000000f8280000,0x00000000f9580000)
 ParOldGen       total 349696K, used 349693K [0x00000000e0000000, 0x00000000f5580000, 0x00000000f5580000)
  object space 349696K, 99% used [0x00000000e0000000,0x00000000f557f6e0,0x00000000f5580000)
 Metaspace       used 48740K, committed 49728K, reserved 1097728K
  class space    used 4797K, committed 5184K, reserved 1048576K
}
Event: 2762.363 GC heap before
{Heap before GC invocations=908 (full 843):
 PSYoungGen      total 70656K, used 46079K [0x00000000f5580000, 0x00000000fb800000, 0x0000000100000000)
  eden space 46080K, 99% used [0x00000000f5580000,0x00000000f827fff8,0x00000000f8280000)
  from space 24576K, 0% used [0x00000000fa000000,0x00000000fa000000,0x00000000fb800000)
  to   space 19456K, 0% used [0x00000000f8280000,0x00000000f8280000,0x00000000f9580000)
 ParOldGen       total 349696K, used 349693K [0x00000000e0000000, 0x00000000f5580000, 0x00000000f5580000)
  object space 349696K, 99% used [0x00000000e0000000,0x00000000f557f6e0,0x00000000f5580000)
 Metaspace       used 48740K, committed 49728K, reserved 1097728K
  class space    used 4797K, committed 5184K, reserved 1048576K
}
Event: 2763.874 GC heap after
{Heap after GC invocations=908 (full 843):
 PSYoungGen      total 65536K, used 46079K [0x00000000f5580000, 0x00000000fb800000, 0x0000000100000000)
  eden space 46080K, 99% used [0x00000000f5580000,0x00000000f827fe48,0x00000000f8280000)
  from space 19456K, 0% used [0x00000000f8280000,0x00000000f8280000,0x00000000f9580000)
  to   space 24576K, 0% used [0x00000000fa000000,0x00000000fa000000,0x00000000fb800000)
 ParOldGen       total 349696K, used 349693K [0x00000000e0000000, 0x00000000f5580000, 0x00000000f5580000)
  object space 349696K, 99% used [0x00000000e0000000,0x00000000f557f6e0,0x00000000f5580000)
 Metaspace       used 48740K, committed 49728K, reserved 1097728K
  class space    used 4797K, committed 5184K, reserved 1048576K
}
Event: 2763.874 GC heap before
{Heap before GC invocations=909 (full 844):
 PSYoungGen      total 65536K, used 46079K [0x00000000f5580000, 0x00000000fb800000, 0x0000000100000000)
  eden space 46080K, 99% used [0x00000000f5580000,0x00000000f827ffd0,0x00000000f8280000)
  from space 19456K, 0% used [0x00000000f8280000,0x00000000f8280000,0x00000000f9580000)
  to   space 24576K, 0% used [0x00000000fa000000,0x00000000fa000000,0x00000000fb800000)
 ParOldGen       total 349696K, used 349693K [0x00000000e0000000, 0x00000000f5580000, 0x00000000f5580000)
  object space 349696K, 99% used [0x00000000e0000000,0x00000000f557f6e0,0x00000000f5580000)
 Metaspace       used 48740K, committed 49728K, reserved 1097728K
  class space    used 4797K, committed 5184K, reserved 1048576K
}
Event: 2765.395 GC heap after
{Heap after GC invocations=909 (full 844):
 PSYoungGen      total 70656K, used 46079K [0x00000000f5580000, 0x00000000fb800000, 0x0000000100000000)
  eden space 46080K, 99% used [0x00000000f5580000,0x00000000f827ff88,0x00000000f8280000)
  from space 24576K, 0% used [0x00000000fa000000,0x00000000fa000000,0x00000000fb800000)
  to   space 19456K, 0% used [0x00000000f8280000,0x00000000f8280000,0x00000000f9580000)
 ParOldGen       total 349696K, used 349693K [0x00000000e0000000, 0x00000000f5580000, 0x00000000f5580000)
  object space 349696K, 99% used [0x00000000e0000000,0x00000000f557f6e0,0x00000000f5580000)
 Metaspace       used 48740K, committed 49728K, reserved 1097728K
  class space    used 4797K, committed 5184K, reserved 1048576K
}
Event: 2765.395 GC heap before
{Heap before GC invocations=910 (full 845):
 PSYoungGen      total 70656K, used 46079K [0x00000000f5580000, 0x00000000fb800000, 0x0000000100000000)
  eden space 46080K, 99% used [0x00000000f5580000,0x00000000f827fff0,0x00000000f8280000)
  from space 24576K, 0% used [0x00000000fa000000,0x00000000fa000000,0x00000000fb800000)
  to   space 19456K, 0% used [0x00000000f8280000,0x00000000f8280000,0x00000000f9580000)
 ParOldGen       total 349696K, used 349693K [0x00000000e0000000, 0x00000000f5580000, 0x00000000f5580000)
  object space 349696K, 99% used [0x00000000e0000000,0x00000000f557f6e0,0x00000000f5580000)
 Metaspace       used 48740K, committed 49728K, reserved 1097728K
  class space    used 4797K, committed 5184K, reserved 1048576K
}
Event: 2766.884 GC heap after
{Heap after GC invocations=910 (full 845):
 PSYoungGen      total 65536K, used 46079K [0x00000000f5580000, 0x00000000fb800000, 0x0000000100000000)
  eden space 46080K, 99% used [0x00000000f5580000,0x00000000f827ffc0,0x00000000f8280000)
  from space 19456K, 0% used [0x00000000f8280000,0x00000000f8280000,0x00000000f9580000)
  to   space 24576K, 0% used [0x00000000fa000000,0x00000000fa000000,0x00000000fb800000)
 ParOldGen       total 349696K, used 349693K [0x00000000e0000000, 0x00000000f5580000, 0x00000000f5580000)
  object space 349696K, 99% used [0x00000000e0000000,0x00000000f557f6e0,0x00000000f5580000)
 Metaspace       used 48740K, committed 49728K, reserved 1097728K
  class space    used 4797K, committed 5184K, reserved 1048576K
}
Event: 2766.884 GC heap before
{Heap before GC invocations=911 (full 846):
 PSYoungGen      total 65536K, used 46079K [0x00000000f5580000, 0x00000000fb800000, 0x0000000100000000)
  eden space 46080K, 99% used [0x00000000f5580000,0x00000000f827fff0,0x00000000f8280000)
  from space 19456K, 0% used [0x00000000f8280000,0x00000000f8280000,0x00000000f9580000)
  to   space 24576K, 0% used [0x00000000fa000000,0x00000000fa000000,0x00000000fb800000)
 ParOldGen       total 349696K, used 349693K [0x00000000e0000000, 0x00000000f5580000, 0x00000000f5580000)
  object space 349696K, 99% used [0x00000000e0000000,0x00000000f557f6e0,0x00000000f5580000)
 Metaspace       used 48740K, committed 49728K, reserved 1097728K
  class space    used 4797K, committed 5184K, reserved 1048576K
}
Event: 2768.283 GC heap after
{Heap after GC invocations=911 (full 846):
 PSYoungGen      total 70656K, used 46079K [0x00000000f5580000, 0x00000000fb800000, 0x0000000100000000)
  eden space 46080K, 99% used [0x00000000f5580000,0x00000000f827fff0,0x00000000f8280000)
  from space 24576K, 0% used [0x00000000fa000000,0x00000000fa000000,0x00000000fb800000)
  to   space 19456K, 0% used [0x00000000f8280000,0x00000000f8280000,0x00000000f9580000)
 ParOldGen       total 349696K, used 349693K [0x00000000e0000000, 0x00000000f5580000, 0x00000000f5580000)
  object space 349696K, 99% used [0x00000000e0000000,0x00000000f557f6e0,0x00000000f5580000)
 Metaspace       used 48740K, committed 49728K, reserved 1097728K
  class space    used 4797K, committed 5184K, reserved 1048576K
}
Event: 2768.284 GC heap before
{Heap before GC invocations=912 (full 847):
 PSYoungGen      total 70656K, used 46079K [0x00000000f5580000, 0x00000000fb800000, 0x0000000100000000)
  eden space 46080K, 99% used [0x00000000f5580000,0x00000000f827fff0,0x00000000f8280000)
  from space 24576K, 0% used [0x00000000fa000000,0x00000000fa000000,0x00000000fb800000)
  to   space 19456K, 0% used [0x00000000f8280000,0x00000000f8280000,0x00000000f9580000)
 ParOldGen       total 349696K, used 349695K [0x00000000e0000000, 0x00000000f5580000, 0x00000000f5580000)
  object space 349696K, 99% used [0x00000000e0000000,0x00000000f557fe00,0x00000000f5580000)
 Metaspace       used 48740K, committed 49728K, reserved 1097728K
  class space    used 4797K, committed 5184K, reserved 1048576K
}
Event: 2769.788 GC heap after
{Heap after GC invocations=912 (full 847):
 PSYoungGen      total 65536K, used 46079K [0x00000000f5580000, 0x00000000fb800000, 0x0000000100000000)
  eden space 46080K, 99% used [0x00000000f5580000,0x00000000f827fc98,0x00000000f8280000)
  from space 19456K, 0% used [0x00000000f8280000,0x00000000f8280000,0x00000000f9580000)
  to   space 24576K, 0% used [0x00000000fa000000,0x00000000fa000000,0x00000000fb800000)
 ParOldGen       total 349696K, used 349694K [0x00000000e0000000, 0x00000000f5580000, 0x00000000f5580000)
  object space 349696K, 99% used [0x00000000e0000000,0x00000000f557f9c8,0x00000000f5580000)
 Metaspace       used 48740K, committed 49728K, reserved 1097728K
  class space    used 4797K, committed 5184K, reserved 1048576K
}
Event: 2769.788 GC heap before
{Heap before GC invocations=913 (full 848):
 PSYoungGen      total 65536K, used 46079K [0x00000000f5580000, 0x00000000fb800000, 0x0000000100000000)
  eden space 46080K, 99% used [0x00000000f5580000,0x00000000f827fc98,0x00000000f8280000)
  from space 19456K, 0% used [0x00000000f8280000,0x00000000f8280000,0x00000000f9580000)
  to   space 24576K, 0% used [0x00000000fa000000,0x00000000fa000000,0x00000000fb800000)
 ParOldGen       total 349696K, used 349694K [0x00000000e0000000, 0x00000000f5580000, 0x00000000f5580000)
  object space 349696K, 99% used [0x00000000e0000000,0x00000000f557f9c8,0x00000000f5580000)
 Metaspace       used 48740K, committed 49728K, reserved 1097728K
  class space    used 4797K, committed 5184K, reserved 1048576K
}
Event: 2771.307 GC heap after
{Heap after GC invocations=913 (full 848):
 PSYoungGen      total 70656K, used 46079K [0x00000000f5580000, 0x00000000fb800000, 0x0000000100000000)
  eden space 46080K, 99% used [0x00000000f5580000,0x00000000f827fc98,0x00000000f8280000)
  from space 24576K, 0% used [0x00000000fa000000,0x00000000fa000000,0x00000000fb800000)
  to   space 19456K, 0% used [0x00000000f8280000,0x00000000f8280000,0x00000000f9580000)
 ParOldGen       total 349696K, used 349694K [0x00000000e0000000, 0x00000000f5580000, 0x00000000f5580000)
  object space 349696K, 99% used [0x00000000e0000000,0x00000000f557f8e8,0x00000000f5580000)
 Metaspace       used 48740K, committed 49728K, reserved 1097728K
  class space    used 4797K, committed 5184K, reserved 1048576K
}

Dll operation events (8 events):
Event: 0.024 Loaded shared library /nix/store/gpxl5qgg8kicmcvivwmybwjlpf7wh20l-graalvm17-ce-22.3.0/lib/libjava.so
Event: 0.083 Loaded shared library /nix/store/gpxl5qgg8kicmcvivwmybwjlpf7wh20l-graalvm17-ce-22.3.0/lib/libjsvml.so
Event: 0.689 Loaded shared library /nix/store/gpxl5qgg8kicmcvivwmybwjlpf7wh20l-graalvm17-ce-22.3.0/lib/libnio.so
Event: 0.702 Loaded shared library /nix/store/gpxl5qgg8kicmcvivwmybwjlpf7wh20l-graalvm17-ce-22.3.0/lib/libzip.so
Event: 0.775 Loaded shared library /nix/store/gpxl5qgg8kicmcvivwmybwjlpf7wh20l-graalvm17-ce-22.3.0/lib/libjvmcicompiler.so
Event: 1.690 Loaded shared library /nix/store/gpxl5qgg8kicmcvivwmybwjlpf7wh20l-graalvm17-ce-22.3.0/lib/libjimage.so
Event: 4.558 Loaded shared library /nix/store/gpxl5qgg8kicmcvivwmybwjlpf7wh20l-graalvm17-ce-22.3.0/lib/libnet.so
Event: 6.786 Loaded shared library /home/runner/ObjectClasses-Review/.cache/jdt-language-server/config/org.eclipse.equinox.launcher/org.eclipse.equinox.launcher.gtk.linux.x86_64_1.2.400.v20211117-0650/eclipse_11600.so

Deoptimization events (20 events):
Event: 1340.489 Thread 0x00007c09d0143030 Uncommon trap: trap_request=0xffffffed fr.pc=0x00007c0a4f04ddd9 relative=0x00000000000002b9
Event: 1340.489 Thread 0x00007c09d0143030 Uncommon trap: reason=null_assert_or_unreached0 action=reinterpret pc=0x00007c0a4f04ddd9 method=org.eclipse.jdt.internal.compiler.classfmt.FieldInfo.getName()[C @ 0 jvmci
Event: 1340.489 Thread 0x00007c09d0143030 DEOPT PACKING pc=0x00007c0a4f04ddd9 sp=0x00007c0a0e5fd340
Event: 1340.489 Thread 0x00007c09d0143030 DEOPT UNPACKING pc=0x00007c0a47505325 sp=0x00007c0a0e5fc7e0 mode 3
Event: 1340.888 Thread 0x00007c09d0143030 Uncommon trap: trap_request=0xffffffcd fr.pc=0x00007c0a4f1bd9ce relative=0x000000000000096e
Event: 1340.888 Thread 0x00007c09d0143030 Uncommon trap: reason=intrinsic_or_type_checked_inlining action=reinterpret pc=0x00007c0a4f1bd9ce method=org.eclipse.jdt.internal.compiler.util.SimpleLookupTable.put(Ljava/lang/Object;Ljava/lang/Object;)Ljava/lang/Object; @ 0 jvmci
Event: 1340.888 Thread 0x00007c09d0143030 DEOPT PACKING pc=0x00007c0a4f1bd9ce sp=0x00007c0a0e5fdb50
Event: 1340.888 Thread 0x00007c09d0143030 DEOPT UNPACKING pc=0x00007c0a47505325 sp=0x00007c0a0e5fd030 mode 3
Event: 1345.976 Thread 0x00007c09d0143030 DEOPT PACKING pc=0x00007c0a47a9aa67 sp=0x00007c0a0e5fd150
Event: 1345.976 Thread 0x00007c09d0143030 DEOPT UNPACKING pc=0x00007c0a47505325 sp=0x00007c0a0e5fc5f8 mode 0
Event: 2412.736 Thread 0x00007c09d01391f0 Uncommon trap: trap_request=0xffffff8f fr.pc=0x00007c0a4f0f5194 relative=0x00000000000001f4
Event: 2412.736 Thread 0x00007c09d01391f0 Uncommon trap: reason=constraint action=none pc=0x00007c0a4f0f5194 method=java.lang.StringLatin1.toChars([B)[C @ 0 jvmci
Event: 2412.736 Thread 0x00007c09d01391f0 DEOPT PACKING pc=0x00007c0a4f0f5194 sp=0x00007c0a440fde60
Event: 2412.737 Thread 0x00007c09d01391f0 DEOPT UNPACKING pc=0x00007c0a47505325 sp=0x00007c0a440fd2f8 mode 3
Event: 2449.207 Thread 0x00007c09d01391f0 Uncommon trap: trap_request=0xffffff8f fr.pc=0x00007c0a4efee39c relative=0x000000000000027c
Event: 2449.207 Thread 0x00007c09d01391f0 Uncommon trap: reason=constraint action=none pc=0x00007c0a4efee39c method=java.lang.StringBuilder.toString()Ljava/lang/String; @ 0 jvmci
Event: 2449.207 Thread 0x00007c09d01391f0 DEOPT PACKING pc=0x00007c0a4efee39c sp=0x00007c0a440fde80
Event: 2449.207 Thread 0x00007c09d01391f0 DEOPT UNPACKING pc=0x00007c0a47505325 sp=0x00007c0a440fd328 mode 3
Event: 2537.017 Thread 0x00007c09d0143030 DEOPT PACKING pc=0x00007c0a482f189a sp=0x00007c0a0e5fdbb0
Event: 2537.017 Thread 0x00007c09d0143030 DEOPT UNPACKING pc=0x00007c0a47505325 sp=0x00007c0a0e5fd0f0 mode 0

Classes unloaded (20 events):
Event: 1290.090 Thread 0x00007c0a600a14b0 Unloading class 0x0000000800d91000 'java/lang/invoke/LambdaForm$MH+0x0000000800d91000'
Event: 1290.090 Thread 0x00007c0a600a14b0 Unloading class 0x0000000800d90c00 'java/lang/invoke/LambdaForm$MH+0x0000000800d90c00'
Event: 1290.090 Thread 0x00007c0a600a14b0 Unloading class 0x0000000800d90800 'java/lang/invoke/LambdaForm$MH+0x0000000800d90800'
Event: 1290.090 Thread 0x00007c0a600a14b0 Unloading class 0x0000000800d90400 'java/lang/invoke/LambdaForm$MH+0x0000000800d90400'
Event: 1290.090 Thread 0x00007c0a600a14b0 Unloading class 0x0000000800d90000 'java/lang/invoke/LambdaForm$MH+0x0000000800d90000'
Event: 1290.090 Thread 0x00007c0a600a14b0 Unloading class 0x0000000800d70000 'jdk/internal/reflect/GeneratedConstructorAccessor3'
Event: 1290.091 Thread 0x00007c0a600a14b0 Unloading class 0x0000000800cb2c00 'java/lang/invoke/LambdaForm$MH+0x0000000800cb2c00'
Event: 1290.091 Thread 0x00007c0a600a14b0 Unloading class 0x0000000800cb2000 'java/lang/invoke/LambdaForm$MH+0x0000000800cb2000'
Event: 1290.091 Thread 0x00007c0a600a14b0 Unloading class 0x0000000800cb1c00 'java/lang/invoke/LambdaForm$MH+0x0000000800cb1c00'
Event: 1290.091 Thread 0x00007c0a600a14b0 Unloading class 0x0000000800cb1800 'java/lang/invoke/LambdaForm$MH+0x0000000800cb1800'
Event: 1290.091 Thread 0x00007c0a600a14b0 Unloading class 0x0000000800cb1000 'java/lang/invoke/LambdaForm$MH+0x0000000800cb1000'
Event: 1290.091 Thread 0x00007c0a600a14b0 Unloading class 0x0000000800cb0c00 'java/lang/invoke/LambdaForm$MH+0x0000000800cb0c00'
Event: 1290.091 Thread 0x00007c0a600a14b0 Unloading class 0x0000000800cb0800 'java/lang/invoke/LambdaForm$MH+0x0000000800cb0800'
Event: 1290.091 Thread 0x00007c0a600a14b0 Unloading class 0x0000000800cb0000 'java/lang/invoke/LambdaForm$MH+0x0000000800cb0000'
Event: 1290.091 Thread 0x00007c0a600a14b0 Unloading class 0x0000000800c85000 'jdk/internal/reflect/GeneratedMethodAccessor5'
Event: 1290.091 Thread 0x00007c0a600a14b0 Unloading class 0x0000000800c84c00 'jdk/internal/reflect/GeneratedMethodAccessor4'
Event: 1290.091 Thread 0x00007c0a600a14b0 Unloading class 0x0000000800c84800 'jdk/internal/reflect/GeneratedMethodAccessor3'
Event: 1290.091 Thread 0x00007c0a600a14b0 Unloading class 0x0000000800c84400 'jdk/internal/reflect/GeneratedMethodAccessor2'
Event: 1290.091 Thread 0x00007c0a600a14b0 Unloading class 0x0000000800c84000 'jdk/internal/reflect/GeneratedMethodAccessor1'
Event: 1290.091 Thread 0x00007c0a600a14b0 Unloading class 0x0000000800c01c00 'java/lang/invoke/LambdaForm$DMH+0x0000000800c01c00'

Classes redefined (0 events):
No events

Internal exceptions (20 events):
Event: 50.085 Thread 0x00007c09ec0010d0 Implicit null exception at 0x00007c0a4f0ea1a2 to 0x00007c0a4f0ea532
Event: 50.678 Thread 0x00007c09ec0010d0 Exception <a 'java/io/FileNotFoundException'{0x00000000f5dd6028}> (0x00000000f5dd6028) 
thrown [src/hotspot/share/prims/jni.cpp, line 516]
Event: 51.682 Thread 0x00007c09fc48d020 Exception <a 'sun/nio/fs/UnixException'{0x00000000f572a070}> (0x00000000f572a070) 
thrown [src/hotspot/share/prims/jni.cpp, line 516]
Event: 52.882 Thread 0x00007c09fc4b7610 Exception <a 'java/lang/NoSuchMethodError'{0x00000000f63468c0}: 'java.lang.Object java.lang.invoke.DirectMethodHandle$Holder.invokeStatic(java.lang.Object, java.lang.Object, int, java.lang.Object)'> (0x00000000f63468c0) 
thrown [src/hotspot/share/interpreter/linkResolver.cpp, line 758]
Event: 52.883 Thread 0x00007c09fc4b7610 Exception <a 'java/lang/NoSuchMethodError'{0x00000000f634e618}: 'java.lang.Object java.lang.invoke.DirectMethodHandle$Holder.newInvokeSpecial(java.lang.Object, java.lang.Object, int)'> (0x00000000f634e618) 
thrown [src/hotspot/share/interpreter/linkResolver.cpp, line 758]
Event: 315.740 Thread 0x00007c09e4000ff0 Exception <a 'java/lang/NoSuchMethodError'{0x00000000f65020b8}: static [Lorg/eclipse/core/runtime/IPath;.<clinit>()V> (0x00000000f65020b8) 
thrown [src/hotspot/share/prims/jni.cpp, line 1107]
Event: 315.773 Thread 0x00007c09e4000ff0 Exception <a 'java/lang/NoSuchMethodError'{0x00000000f650cb68}: static [J.<clinit>()V> (0x00000000f650cb68) 
thrown [src/hotspot/share/prims/jni.cpp, line 1107]
Event: 315.815 Thread 0x00007c09e4000ff0 Exception <a 'java/lang/NoSuchMethodError'{0x00000000f6535a20}: 'java.lang.Object java.lang.invoke.DirectMethodHandle$Holder.newInvokeSpecial(java.lang.Object, java.lang.Object, java.lang.Object, java.lang.Object, java.lang.Object, java.lang.Object, java.lang.Object, java.lang.Object)'> (0x00000000f6535a20) 
thrown [src/hotspot/share/interpreter/linkResolver.cpp, line 758]
Event: 315.825 Thread 0x00007c09e4000ff0 Exception <a 'java/lang/NoSuchMethodError'{0x00000000f653bb58}: 'java.lang.Object java.lang.invoke.DirectMethodHandle$Holder.invokeSpecial(java.lang.Object, java.lang.Object, java.lang.Object, java.lang.Object, java.lang.Object, java.lang.Object, java.lang.Object, java.lang.Object, java.lang.Object)'> (0x00000000f653bb58) 
thrown [src/hotspot/share/interpreter/linkResolver.cpp, line 758]
Event: 315.825 Thread 0x00007c09e4000ff0 Exception <a 'java/lang/NoSuchMethodError'{0x00000000f6541798}: 'java.lang.Object java.lang.invoke.Invokers$Holder.linkToTargetMethod(java.lang.Object, java.lang.Object, java.lang.Object, java.lang.Object, java.lang.Object, java.lang.Object, java.lang.Object, java.lang.Object)'> (0x00000000f6541798) 
thrown [src/hotspot/share/interpreter/linkResolver.cpp, line 758]
Event: 1285.484 Thread 0x00007c09fc48d020 Exception <a 'sun/nio/fs/UnixException'{0x00000000f59962a0}> (0x00000000f59962a0) 
thrown [src/hotspot/share/prims/jni.cpp, line 516]
Event: 1288.180 Thread 0x00007c09fc48d020 Implicit null exception at 0x00007c0a4f02f330 to 0x00007c0a4f02f3d7
Event: 1340.357 Thread 0x00007c09d0143030 Implicit null exception at 0x00007c0a4f1edc5a to 0x00007c0a4f1edfd7
Event: 2412.736 Thread 0x00007c09d01391f0 Exception <a 'java/lang/OutOfMemoryError'{0x00000000e00d3328}> (0x00000000e00d3328) 
thrown [src/hotspot/share/gc/shared/memAllocator.cpp, line 138]
Event: 2412.736 Thread 0x00007c09d01391f0 Implicit null exception at 0x00007c0a4f0f5144 to 0x00007c0a4f0f5179
Event: 2449.207 Thread 0x00007c09d01391f0 Exception <a 'java/lang/OutOfMemoryError'{0x00000000e00d2d88}> (0x00000000e00d2d88) 
thrown [src/hotspot/share/gc/shared/memAllocator.cpp, line 138]
Event: 2449.207 Thread 0x00007c09d01391f0 Implicit null exception at 0x00007c0a4efee2d7 to 0x00007c0a4efee381
Event: 2464.076 Thread 0x00007c09d0139770 Exception <a 'java/lang/OutOfMemoryError'{0x00000000e00d2b08}> (0x00000000e00d2b08) 
thrown [src/hotspot/share/gc/shared/memAllocator.cpp, line 136]
Event: 2675.875 Thread 0x00007c09d0143030 Exception <a 'java/lang/OutOfMemoryError'{0x00000000e00d2b08}> (0x00000000e00d2b08) 
thrown [src/hotspot/share/gc/shared/memAllocator.cpp, line 136]
Event: 2771.307 Thread 0x00007c0a600b1ab0 Exception <a 'java/lang/OutOfMemoryError'{0x00000000e00d2b08}> (0x00000000e00d2b08) 
thrown [src/hotspot/share/gc/shared/memAllocator.cpp, line 136]

VM Operations (20 events):
Event: 2754.572 Executing VM operation: ParallelGCFailedAllocation
Event: 2756.180 Executing VM operation: ParallelGCFailedAllocation done
Event: 2756.180 Executing VM operation: ParallelGCFailedAllocation
Event: 2757.875 Executing VM operation: ParallelGCFailedAllocation done
Event: 2757.875 Executing VM operation: ParallelGCFailedAllocation
Event: 2759.392 Executing VM operation: ParallelGCFailedAllocation done
Event: 2759.392 Executing VM operation: ParallelGCFailedAllocation
Event: 2760.983 Executing VM operation: ParallelGCFailedAllocation done
Event: 2760.984 Executing VM operation: ParallelGCFailedAllocation
Event: 2762.362 Executing VM operation: ParallelGCFailedAllocation done
Event: 2762.363 Executing VM operation: ParallelGCFailedAllocation
Event: 2763.874 Executing VM operation: ParallelGCFailedAllocation done
Event: 2763.874 Executing VM operation: ParallelGCFailedAllocation
Event: 2765.395 Executing VM operation: ParallelGCFailedAllocation done
Event: 2765.395 Executing VM operation: ParallelGCFailedAllocation
Event: 2766.884 Executing VM operation: ParallelGCFailedAllocation done
Event: 2766.884 Executing VM operation: ParallelGCFailedAllocation
Event: 2768.284 Executing VM operation: ParallelGCFailedAllocation done
Event: 2768.284 Executing VM operation: ParallelGCFailedAllocation
Event: 2771.307 Executing VM operation: ParallelGCFailedAllocation done

Events (20 events):
Event: 2516.910 loading class java/util/logging/Formatter done
Event: 2516.910 loading class java/util/logging/SimpleFormatter done
Event: 2531.953 loading class jdk/internal/logger/SimpleConsoleLogger$Formatting
Event: 2537.017 loading class jdk/internal/logger/SimpleConsoleLogger$Formatting done
Event: 2538.781 loading class java/util/logging/ErrorManager
Event: 2540.414 loading class java/util/logging/ErrorManager done
Event: 2597.715 loading class java/util/logging/Handler$1
Event: 2597.715 loading class java/util/logging/Handler$1 done
Event: 2597.715 loading class java/util/logging/StreamHandler$1
Event: 2597.715 loading class java/util/logging/StreamHandler$1 done
Event: 2639.518 loading class java/util/logging/LogManager$CloseOnReset
Event: 2639.518 loading class java/util/logging/LogManager$CloseOnReset done
Event: 2696.485 Thread 0x00007c09d013a130 Thread added: 0x00007c09d013a130
Event: 2696.485 Protecting memory [0x00007c0a0db00000,0x00007c0a0db04000] with protection modes 0
Event: 2702.398 loading class java/time/ZonedDateTime
Event: 2702.398 loading class java/time/chrono/ChronoZonedDateTime
Event: 2702.399 loading class java/time/chrono/ChronoZonedDateTime done
Event: 2702.399 loading class java/time/ZonedDateTime done
Event: 2760.984 loading class java/util/logging/LogRecord$CallerFinder
Event: 2760.984 loading class java/util/logging/LogRecord$CallerFinder done


Dynamic libraries:
e0000000-f2f00000 rw-p 00000000 00:00 0 
f2f00000-fb800000 rw-p 00000000 00:00 0 
fb800000-100000000 ---p 00000000 00:00 0 
800000000-800449000 rw-p 00001000 08:30 707969865                        /nix/store/gpxl5qgg8kicmcvivwmybwjlpf7wh20l-graalvm17-ce-22.3.0/lib/server/classes.jsa
800449000-800bc8000 r--p 0044a000 08:30 707969865                        /nix/store/gpxl5qgg8kicmcvivwmybwjlpf7wh20l-graalvm17-ce-22.3.0/lib/server/classes.jsa
800bc8000-800c00000 ---p 00000000 00:00 0 
800c00000-800c10000 rw-p 00000000 00:00 0 
800c10000-800c30000 rw-p 00000000 00:00 0 
800c30000-800cb0000 rw-p 00000000 00:00 0 
800cb0000-800cf0000 rw-p 00000000 00:00 0 
800cf0000-800db0000 rw-p 00000000 00:00 0 
800db0000-800df0000 rw-p 00000000 00:00 0 
800df0000-801110000 rw-p 00000000 00:00 0 
801110000-840c00000 ---p 00000000 00:00 0 
625cff983000-625cff984000 r-xp 00000000 08:30 672029940                  /nix/store/gpxl5qgg8kicmcvivwmybwjlpf7wh20l-graalvm17-ce-22.3.0/bin/.java-wrapped
625cff985000-625cff986000 r--p 00001000 08:30 672029940                  /nix/store/gpxl5qgg8kicmcvivwmybwjlpf7wh20l-graalvm17-ce-22.3.0/bin/.java-wrapped
625cff986000-625cff987000 rw-p 00002000 08:30 672029940                  /nix/store/gpxl5qgg8kicmcvivwmybwjlpf7wh20l-graalvm17-ce-22.3.0/bin/.java-wrapped
625cff987000-625cff988000 rw-p 00004000 08:30 672029940                  /nix/store/gpxl5qgg8kicmcvivwmybwjlpf7wh20l-graalvm17-ce-22.3.0/bin/.java-wrapped
625cff988000-625cff989000 rw-p 00005000 08:30 672029940                  /nix/store/gpxl5qgg8kicmcvivwmybwjlpf7wh20l-graalvm17-ce-22.3.0/bin/.java-wrapped
625cfff98000-625cfffe0000 rw-p 00000000 00:00 0                          [heap]
7c09b8000000-7c09b8021000 rw-p 00000000 00:00 0 
7c09b8021000-7c09bc000000 ---p 00000000 00:00 0 
7c09c0000000-7c09c0056000 rw-p 00000000 00:00 0 
7c09c0056000-7c09c4000000 ---p 00000000 00:00 0 
7c09c5c00000-7c09c5f80000 rw-p 00000000 00:00 0 
7c09c5f80000-7c09c6400000 ---p 00000000 00:00 0 
7c09c64b3000-7c09d0000000 r--s 00000000 08:30 707804677                  /nix/store/gpxl5qgg8kicmcvivwmybwjlpf7wh20l-graalvm17-ce-22.3.0/lib/modules
7c09d0000000-7c09d017b000 rw-p 00000000 00:00 0 
7c09d017b000-7c09d4000000 ---p 00000000 00:00 0 
7c09d4000000-7c09d4027000 rw-p 00000000 00:00 0 
7c09d4027000-7c09d8000000 ---p 00000000 00:00 0 
7c09d8000000-7c09d803f000 rw-p 00000000 00:00 0 
7c09d803f000-7c09dc000000 ---p 00000000 00:00 0 
7c09dc000000-7c09dc021000 rw-p 00000000 00:00 0 
7c09dc021000-7c09e0000000 ---p 00000000 00:00 0 
7c09e0000000-7c09e0450000 rw-p 00000000 00:00 0 
7c09e0450000-7c09e4000000 ---p 00000000 00:00 0 
7c09e4000000-7c09e40a1000 rw-p 00000000 00:00 0 
7c09e40a1000-7c09e8000000 ---p 00000000 00:00 0 
7c09e8000000-7c09e8021000 rw-p 00000000 00:00 0 
7c09e8021000-7c09ec000000 ---p 00000000 00:00 0 
7c09ec000000-7c09ec318000 rw-p 00000000 00:00 0 
7c09ec318000-7c09f0000000 ---p 00000000 00:00 0 
7c09f0000000-7c09f0021000 rw-p 00000000 00:00 0 
7c09f0021000-7c09f4000000 ---p 00000000 00:00 0 
7c09f4000000-7c09f4021000 rw-p 00000000 00:00 0 
7c09f4021000-7c09f8000000 ---p 00000000 00:00 0 
7c09f8000000-7c09f8021000 rw-p 00000000 00:00 0 
7c09f8021000-7c09fc000000 ---p 00000000 00:00 0 
7c09fc000000-7c09fc8d8000 rw-p 00000000 00:00 0 
7c09fc8d8000-7c0a00000000 ---p 00000000 00:00 0 
7c0a00000000-7c0a00021000 rw-p 00000000 00:00 0 
7c0a00021000-7c0a04000000 ---p 00000000 00:00 0 
7c0a04000000-7c0a04021000 rw-p 00000000 00:00 0 
7c0a04021000-7c0a08000000 ---p 00000000 00:00 0 
7c0a08800000-7c0a08ff0000 rw-p 00000000 00:00 0 
7c0a08ff0000-7c0a096f0000 rw-p 00000000 00:00 0 
7c0a096f0000-7c0a09800000 rw-p 00000000 00:00 0 
7c0a0a400000-7c0a0a4f0000 rw-p 00000000 00:00 0 
7c0a0a4f0000-7c0a0a5f0000 rw-p 00000000 00:00 0 
7c0a0a5f0000-7c0a0a8f0000 rw-p 00000000 00:00 0 
7c0a0a8f0000-7c0a0a9f0000 rw-p 00000000 00:00 0 
7c0a0a9f0000-7c0a0abf0000 rw-p 00000000 00:00 0 
7c0a0abf0000-7c0a0ac00000 rw-p 00000000 00:00 0 
7c0a0b000000-7c0a0b0f0000 rw-p 00000000 00:00 0 
7c0a0b0f0000-7c0a0b1f0000 rw-p 00000000 00:00 0 
7c0a0b1f0000-7c0a0b770000 rw-p 00000000 00:00 0 
7c0a0b770000-7c0a0b800000 rw-p 00000000 00:00 0 
7c0a0b800000-7c0a0b810000 r-xp 00000000 00:9dd 310                       /home/runner/ObjectClasses-Review/.cache/jdt-language-server/config/org.eclipse.equinox.launcher/org.eclipse.equinox.launcher.gtk.linux.x86_64_1.2.400.v20211117-0650/eclipse_11600.so
7c0a0b810000-7c0a0ba0f000 ---p 00010000 00:9dd 310                       /home/runner/ObjectClasses-Review/.cache/jdt-language-server/config/org.eclipse.equinox.launcher/org.eclipse.equinox.launcher.gtk.linux.x86_64_1.2.400.v20211117-0650/eclipse_11600.so
7c0a0ba0f000-7c0a0ba10000 r--p 0000f000 00:9dd 310                       /home/runner/ObjectClasses-Review/.cache/jdt-language-server/config/org.eclipse.equinox.launcher/org.eclipse.equinox.launcher.gtk.linux.x86_64_1.2.400.v20211117-0650/eclipse_11600.so
7c0a0ba10000-7c0a0ba11000 rw-p 00010000 00:9dd 310                       /home/runner/ObjectClasses-Review/.cache/jdt-language-server/config/org.eclipse.equinox.launcher/org.eclipse.equinox.launcher.gtk.linux.x86_64_1.2.400.v20211117-0650/eclipse_11600.so
7c0a0c900000-7c0a0ca00000 ---p 00000000 00:00 0 
7c0a0ca00000-7c0a0cfaf000 r--p 01122000 08:30 707802136                  /nix/store/gpxl5qgg8kicmcvivwmybwjlpf7wh20l-graalvm17-ce-22.3.0/lib/libjvmcicompiler.so
7c0a0cfaf000-7c0a0d100000 r--p 00000000 00:00 0 
7c0a0d100000-7c0a0d13d000 rw-p 00000000 00:00 0 
7c0a0d13d000-7c0a0d65d000 rw-p 0185f000 08:30 707802136                  /nix/store/gpxl5qgg8kicmcvivwmybwjlpf7wh20l-graalvm17-ce-22.3.0/lib/libjvmcicompiler.so
7c0a0d65d000-7c0a0da44000 r--p 01d7f000 08:30 707802136                  /nix/store/gpxl5qgg8kicmcvivwmybwjlpf7wh20l-graalvm17-ce-22.3.0/lib/libjvmcicompiler.so
7c0a0db00000-7c0a0db04000 ---p 00000000 00:00 0 
7c0a0db04000-7c0a0dc00000 rw-p 00000000 00:00 0 
7c0a0dd00000-7c0a0dd04000 ---p 00000000 00:00 0 
7c0a0dd04000-7c0a0de00000 rw-p 00000000 00:00 0 
7c0a0df00000-7c0a0df04000 ---p 00000000 00:00 0 
7c0a0df04000-7c0a0e000000 rw-p 00000000 00:00 0 
7c0a0e100000-7c0a0e104000 ---p 00000000 00:00 0 
7c0a0e104000-7c0a0e200000 rw-p 00000000 00:00 0 
7c0a0e200000-7c0a0e204000 ---p 00000000 00:00 0 
7c0a0e204000-7c0a0e300000 rw-p 00000000 00:00 0 
7c0a0e300000-7c0a0e304000 ---p 00000000 00:00 0 
7c0a0e304000-7c0a0e400000 rw-p 00000000 00:00 0 
7c0a0e500000-7c0a0e504000 ---p 00000000 00:00 0 
7c0a0e504000-7c0a0e600000 rw-p 00000000 00:00 0 
7c0a0e700000-7c0a0e704000 ---p 00000000 00:00 0 
7c0a0e704000-7c0a0e800000 rw-p 00000000 00:00 0 
7c0a0e900000-7c0a0e904000 ---p 00000000 00:00 0 
7c0a0e904000-7c0a0ea00000 rw-p 00000000 00:00 0 
7c0a0eb00000-7c0a0eb04000 ---p 00000000 00:00 0 
7c0a0eb04000-7c0a0ec00000 rw-p 00000000 00:00 0 
7c0a0ed00000-7c0a0ed04000 ---p 00000000 00:00 0 
7c0a0ed04000-7c0a0ee00000 rw-p 00000000 00:00 0 
7c0a0fa68000-7c0a0ff00000 rw-p 00000000 00:00 0 
7c0a10000000-7c0a10021000 rw-p 00000000 00:00 0 
7c0a10021000-7c0a14000000 ---p 00000000 00:00 0 
7c0a14000000-7c0a14021000 rw-p 00000000 00:00 0 
7c0a14021000-7c0a18000000 ---p 00000000 00:00 0 
7c0a18000000-7c0a18039000 rw-p 00000000 00:00 0 
7c0a18039000-7c0a1c000000 ---p 00000000 00:00 0 
7c0a1c000000-7c0a1c021000 rw-p 00000000 00:00 0 
7c0a1c021000-7c0a20000000 ---p 00000000 00:00 0 
7c0a20000000-7c0a200da000 rw-p 00000000 00:00 0 
7c0a200da000-7c0a24000000 ---p 00000000 00:00 0 
7c0a24000000-7c0a24af3000 rw-p 00000000 00:00 0 
7c0a24af3000-7c0a28000000 ---p 00000000 00:00 0 
7c0a28000000-7c0a28021000 rw-p 00000000 00:00 0 
7c0a28021000-7c0a2c000000 ---p 00000000 00:00 0 
7c0a2c000000-7c0a2c021000 rw-p 00000000 00:00 0 
7c0a2c021000-7c0a30000000 ---p 00000000 00:00 0 
7c0a30000000-7c0a30021000 rw-p 00000000 00:00 0 
7c0a30021000-7c0a34000000 ---p 00000000 00:00 0 
7c0a34000000-7c0a34021000 rw-p 00000000 00:00 0 
7c0a34021000-7c0a38000000 ---p 00000000 00:00 0 
7c0a38000000-7c0a38026000 rw-p 00000000 00:00 0 
7c0a38026000-7c0a3c000000 ---p 00000000 00:00 0 
7c0a3c000000-7c0a3c021000 rw-p 00000000 00:00 0 
7c0a3c021000-7c0a40000000 ---p 00000000 00:00 0 
7c0a40000000-7c0a4004b000 rw-p 00000000 00:00 0 
7c0a4004b000-7c0a44000000 ---p 00000000 00:00 0 
7c0a44000000-7c0a44004000 ---p 00000000 00:00 0 
7c0a44004000-7c0a44100000 rw-p 00000000 00:00 0 
7c0a44100000-7c0a44104000 ---p 00000000 00:00 0 
7c0a44104000-7c0a44200000 rw-p 00000000 00:00 0 
7c0a44200000-7c0a44204000 ---p 00000000 00:00 0 
7c0a44204000-7c0a44300000 rw-p 00000000 00:00 0 
7c0a44300000-7c0a44304000 ---p 00000000 00:00 0 
7c0a44304000-7c0a44400000 rw-p 00000000 00:00 0 
7c0a44400000-7c0a4656a000 r-xp 00000000 08:30 707802136                  /nix/store/gpxl5qgg8kicmcvivwmybwjlpf7wh20l-graalvm17-ce-22.3.0/lib/libjvmcicompiler.so
7c0a4656a000-7c0a46769000 ---p 0216a000 08:30 707802136                  /nix/store/gpxl5qgg8kicmcvivwmybwjlpf7wh20l-graalvm17-ce-22.3.0/lib/libjvmcicompiler.so
7c0a46769000-7c0a4676a000 r--p 02169000 08:30 707802136                  /nix/store/gpxl5qgg8kicmcvivwmybwjlpf7wh20l-graalvm17-ce-22.3.0/lib/libjvmcicompiler.so
7c0a4676a000-7c0a4676c000 rw-p 0216a000 08:30 707802136                  /nix/store/gpxl5qgg8kicmcvivwmybwjlpf7wh20l-graalvm17-ce-22.3.0/lib/libjvmcicompiler.so
7c0a4676c000-7c0a4676d000 rw-p 00000000 00:00 0 
7c0a4676d000-7c0a46772000 rw-p 023c3000 08:30 707802136                  /nix/store/gpxl5qgg8kicmcvivwmybwjlpf7wh20l-graalvm17-ce-22.3.0/lib/libjvmcicompiler.so
7c0a467cb000-7c0a467cf000 ---p 00000000 00:00 0 
7c0a467cf000-7c0a468cb000 rw-p 00000000 00:00 0 
7c0a468cb000-7c0a468cc000 ---p 00000000 00:00 0 
7c0a468cc000-7c0a469cd000 rw-p 00000000 00:00 0 
7c0a469cd000-7c0a469d1000 ---p 00000000 00:00 0 
7c0a469d1000-7c0a46acd000 rw-p 00000000 00:00 0 
7c0a46acd000-7c0a46ad1000 ---p 00000000 00:00 0 
7c0a46ad1000-7c0a46bcd000 rw-p 00000000 00:00 0 
7c0a46bcd000-7c0a46bd1000 ---p 00000000 00:00 0 
7c0a46bd1000-7c0a46ccd000 rw-p 00000000 00:00 0 
7c0a46ccd000-7c0a46cd1000 ---p 00000000 00:00 0 
7c0a46cd1000-7c0a46ecd000 rw-p 00000000 00:00 0 
7c0a46ecd000-7c0a46ed1000 ---p 00000000 00:00 0 
7c0a46ed1000-7c0a470cd000 rw-p 00000000 00:00 0 
7c0a470cd000-7c0a470d1000 ---p 00000000 00:00 0 
7c0a470d1000-7c0a471cd000 rw-p 00000000 00:00 0 
7c0a471cd000-7c0a474b3000 r--p 00000000 fc:00 28444448                   /usr/lib/locale/locale-archive
7c0a474b3000-7c0a47723000 rwxp 00000000 00:00 0 
7c0a47723000-7c0a47a42000 ---p 00000000 00:00 0 
7c0a47a42000-7c0a487f2000 rwxp 00000000 00:00 0 
7c0a487f2000-7c0a4ef7a000 ---p 00000000 00:00 0 
7c0a4ef7a000-7c0a4f20a000 rwxp 00000000 00:00 0 
7c0a4f20a000-7c0a564b3000 ---p 00000000 00:00 0 
7c0a564b3000-7c0a60000000 r--s 00000000 08:30 707804677                  /nix/store/gpxl5qgg8kicmcvivwmybwjlpf7wh20l-graalvm17-ce-22.3.0/lib/modules
7c0a60000000-7c0a60405000 rw-p 00000000 00:00 0 
7c0a60405000-7c0a64000000 ---p 00000000 00:00 0 
7c0a64000000-7c0a64004000 ---p 00000000 00:00 0 
7c0a64004000-7c0a64100000 rw-p 00000000 00:00 0 
7c0a64100000-7c0a64104000 ---p 00000000 00:00 0 
7c0a64104000-7c0a64200000 rw-p 00000000 00:00 0 
7c0a64200000-7c0a64204000 ---p 00000000 00:00 0 
7c0a64204000-7c0a64300000 rw-p 00000000 00:00 0 
7c0a64300000-7c0a64304000 ---p 00000000 00:00 0 
7c0a64304000-7c0a647f0000 rw-p 00000000 00:00 0 
7c0a647f0000-7c0a64af0000 rw-p 00000000 00:00 0 
7c0a64af0000-7c0a64c00000 rw-p 00000000 00:00 0 
7c0a64c5c000-7c0a64c60000 ---p 00000000 00:00 0 
7c0a64c60000-7c0a64c7e000 rw-p 00000000 00:00 0 
7c0a64c7e000-7c0a64c85000 r-xp 00000000 08:30 707804676                  /nix/store/gpxl5qgg8kicmcvivwmybwjlpf7wh20l-graalvm17-ce-22.3.0/lib/libzip.so
7c0a64c85000-7c0a64c86000 ---p 00007000 08:30 707804676                  /nix/store/gpxl5qgg8kicmcvivwmybwjlpf7wh20l-graalvm17-ce-22.3.0/lib/libzip.so
7c0a64c86000-7c0a64c87000 r--p 00007000 08:30 707804676                  /nix/store/gpxl5qgg8kicmcvivwmybwjlpf7wh20l-graalvm17-ce-22.3.0/lib/libzip.so
7c0a64c87000-7c0a64c88000 rw-p 00008000 08:30 707804676                  /nix/store/gpxl5qgg8kicmcvivwmybwjlpf7wh20l-graalvm17-ce-22.3.0/lib/libzip.so
7c0a64c88000-7c0a64c8a000 rw-p 0000b000 08:30 707804676                  /nix/store/gpxl5qgg8kicmcvivwmybwjlpf7wh20l-graalvm17-ce-22.3.0/lib/libzip.so
7c0a64c8a000-7c0a64c9f000 r-xp 00000000 08:30 707804666                  /nix/store/gpxl5qgg8kicmcvivwmybwjlpf7wh20l-graalvm17-ce-22.3.0/lib/libnet.so
7c0a64c9f000-7c0a64ca0000 ---p 00015000 08:30 707804666                  /nix/store/gpxl5qgg8kicmcvivwmybwjlpf7wh20l-graalvm17-ce-22.3.0/lib/libnet.so
7c0a64ca0000-7c0a64ca1000 r--p 00015000 08:30 707804666                  /nix/store/gpxl5qgg8kicmcvivwmybwjlpf7wh20l-graalvm17-ce-22.3.0/lib/libnet.so
7c0a64ca1000-7c0a64ca2000 rw-p 00016000 08:30 707804666                  /nix/store/gpxl5qgg8kicmcvivwmybwjlpf7wh20l-graalvm17-ce-22.3.0/lib/libnet.so
7c0a64ca2000-7c0a64ca5000 rw-p 0001b000 08:30 707804666                  /nix/store/gpxl5qgg8kicmcvivwmybwjlpf7wh20l-graalvm17-ce-22.3.0/lib/libnet.so
7c0a64ca5000-7c0a64cb8000 r-xp 00000000 08:30 707804667                  /nix/store/gpxl5qgg8kicmcvivwmybwjlpf7wh20l-graalvm17-ce-22.3.0/lib/libnio.so
7c0a64cb8000-7c0a64cb9000 r--p 00012000 08:30 707804667                  /nix/store/gpxl5qgg8kicmcvivwmybwjlpf7wh20l-graalvm17-ce-22.3.0/lib/libnio.so
7c0a64cb9000-7c0a64cba000 rw-p 00013000 08:30 707804667                  /nix/store/gpxl5qgg8kicmcvivwmybwjlpf7wh20l-graalvm17-ce-22.3.0/lib/libnio.so
7c0a64cba000-7c0a64cbf000 rw-p 00019000 08:30 707804667                  /nix/store/gpxl5qgg8kicmcvivwmybwjlpf7wh20l-graalvm17-ce-22.3.0/lib/libnio.so
7c0a64cbf000-7c0a64cc0000 ---p 00000000 00:00 0 
7c0a64cc0000-7c0a64dc1000 rw-p 00000000 00:00 0 
7c0a64dc1000-7c0a64e8f000 r-xp 00000000 08:30 707802132                  /nix/store/gpxl5qgg8kicmcvivwmybwjlpf7wh20l-graalvm17-ce-22.3.0/lib/libjsvml.so
7c0a64e8f000-7c0a64e90000 r--p 000cd000 08:30 707802132                  /nix/store/gpxl5qgg8kicmcvivwmybwjlpf7wh20l-graalvm17-ce-22.3.0/lib/libjsvml.so
7c0a64e90000-7c0a64e91000 rw-p 000ce000 08:30 707802132                  /nix/store/gpxl5qgg8kicmcvivwmybwjlpf7wh20l-graalvm17-ce-22.3.0/lib/libjsvml.so
7c0a64e91000-7c0a66769000 rw-p 00000000 00:00 0 
7c0a66769000-7c0a6676a000 ---p 00000000 00:00 0 
7c0a6676a000-7c0a66903000 rw-p 00000000 00:00 0 
7c0a66903000-7c0a66947000 rw-p 00000000 00:00 0 
7c0a66947000-7c0a6696b000 ---p 00000000 00:00 0 
7c0a6696b000-7c0a66972000 rw-p 00000000 00:00 0 
7c0a66972000-7c0a66a57000 ---p 00000000 00:00 0 
7c0a66a57000-7c0a66a73000 rw-p 00000000 00:00 0 
7c0a66a73000-7c0a66b42000 ---p 00000000 00:00 0 
7c0a66b42000-7c0a66b47000 rw-p 00000000 00:00 0 
7c0a66b47000-7c0a66b4e000 ---p 00000000 00:00 0 
7c0a66b4e000-7c0a66b72000 r-xp 00000000 08:30 707802124                  /nix/store/gpxl5qgg8kicmcvivwmybwjlpf7wh20l-graalvm17-ce-22.3.0/lib/libjava.so
7c0a66b72000-7c0a66b73000 ---p 00024000 08:30 707802124                  /nix/store/gpxl5qgg8kicmcvivwmybwjlpf7wh20l-graalvm17-ce-22.3.0/lib/libjava.so
7c0a66b73000-7c0a66b74000 r--p 00024000 08:30 707802124                  /nix/store/gpxl5qgg8kicmcvivwmybwjlpf7wh20l-graalvm17-ce-22.3.0/lib/libjava.so
7c0a66b74000-7c0a66b75000 rw-p 00025000 08:30 707802124                  /nix/store/gpxl5qgg8kicmcvivwmybwjlpf7wh20l-graalvm17-ce-22.3.0/lib/libjava.so
7c0a66b75000-7c0a66b76000 rw-p 00000000 00:00 0 
7c0a66b76000-7c0a66b7d000 rw-p 0002f000 08:30 707802124                  /nix/store/gpxl5qgg8kicmcvivwmybwjlpf7wh20l-graalvm17-ce-22.3.0/lib/libjava.so
7c0a66b7d000-7c0a66b85000 rw-s 00000000 00:e05 506                       /tmp/hsperfdata_runner/233
7c0a66b85000-7c0a66b86000 ---p 00000000 00:00 0 
7c0a66b86000-7c0a66b87000 r--p 00000000 00:00 0 
7c0a66b87000-7c0a66b88000 rwxp 00000000 00:00 0 
7c0a66b88000-7c0a66ba3000 r-xp 00000000 08:30 707802128                  /nix/store/gpxl5qgg8kicmcvivwmybwjlpf7wh20l-graalvm17-ce-22.3.0/lib/libjimage.so
7c0a66ba3000-7c0a66ba4000 ---p 0001b000 08:30 707802128                  /nix/store/gpxl5qgg8kicmcvivwmybwjlpf7wh20l-graalvm17-ce-22.3.0/lib/libjimage.so
7c0a66ba4000-7c0a66ba6000 r--p 0001b000 08:30 707802128                  /nix/store/gpxl5qgg8kicmcvivwmybwjlpf7wh20l-graalvm17-ce-22.3.0/lib/libjimage.so
7c0a66ba6000-7c0a66ba7000 rw-p 0001d000 08:30 707802128                  /nix/store/gpxl5qgg8kicmcvivwmybwjlpf7wh20l-graalvm17-ce-22.3.0/lib/libjimage.so
7c0a66ba7000-7c0a66ba8000 rw-p 00024000 08:30 707802128                  /nix/store/gpxl5qgg8kicmcvivwmybwjlpf7wh20l-graalvm17-ce-22.3.0/lib/libjimage.so
7c0a66ba8000-7c0a66bac000 ---p 00000000 00:00 0 
7c0a66bac000-7c0a66ca8000 rw-p 00000000 00:00 0 
7c0a66ca8000-7c0a66cb6000 r--p 00000000 08:30 600592023                  /nix/store/4nlgxhb09sdr51nc9hdm8az5b08vzkgx-glibc-2.35-163/lib/libm.so.6
7c0a66cb6000-7c0a66d29000 r-xp 0000e000 08:30 600592023                  /nix/store/4nlgxhb09sdr51nc9hdm8az5b08vzkgx-glibc-2.35-163/lib/libm.so.6
7c0a66d29000-7c0a66d86000 r--p 00081000 08:30 600592023                  /nix/store/4nlgxhb09sdr51nc9hdm8az5b08vzkgx-glibc-2.35-163/lib/libm.so.6
7c0a66d86000-7c0a66d87000 r--p 000dd000 08:30 600592023                  /nix/store/4nlgxhb09sdr51nc9hdm8az5b08vzkgx-glibc-2.35-163/lib/libm.so.6
7c0a66d87000-7c0a66d88000 rw-p 000de000 08:30 600592023                  /nix/store/4nlgxhb09sdr51nc9hdm8az5b08vzkgx-glibc-2.35-163/lib/libm.so.6
7c0a66d88000-7c0a66d89000 r--p 00000000 08:30 600592042                  /nix/store/4nlgxhb09sdr51nc9hdm8az5b08vzkgx-glibc-2.35-163/lib/librt.so.1
7c0a66d89000-7c0a66d8a000 r-xp 00001000 08:30 600592042                  /nix/store/4nlgxhb09sdr51nc9hdm8az5b08vzkgx-glibc-2.35-163/lib/librt.so.1
7c0a66d8a000-7c0a66d8b000 r--p 00002000 08:30 600592042                  /nix/store/4nlgxhb09sdr51nc9hdm8az5b08vzkgx-glibc-2.35-163/lib/librt.so.1
7c0a66d8b000-7c0a66d8c000 r--p 00002000 08:30 600592042                  /nix/store/4nlgxhb09sdr51nc9hdm8az5b08vzkgx-glibc-2.35-163/lib/librt.so.1
7c0a66d8c000-7c0a66d8d000 rw-p 00003000 08:30 600592042                  /nix/store/4nlgxhb09sdr51nc9hdm8az5b08vzkgx-glibc-2.35-163/lib/librt.so.1
7c0a66d8d000-7c0a67ea0000 r-xp 00000000 08:30 707972962                  /nix/store/gpxl5qgg8kicmcvivwmybwjlpf7wh20l-graalvm17-ce-22.3.0/lib/server/libjvm.so
7c0a67ea0000-7c0a67ea1000 ---p 01113000 08:30 707972962                  /nix/store/gpxl5qgg8kicmcvivwmybwjlpf7wh20l-graalvm17-ce-22.3.0/lib/server/libjvm.so
7c0a67ea1000-7c0a67f56000 r--p 01113000 08:30 707972962                  /nix/store/gpxl5qgg8kicmcvivwmybwjlpf7wh20l-graalvm17-ce-22.3.0/lib/server/libjvm.so
7c0a67f56000-7c0a67f8a000 rw-p 011c8000 08:30 707972962                  /nix/store/gpxl5qgg8kicmcvivwmybwjlpf7wh20l-graalvm17-ce-22.3.0/lib/server/libjvm.so
7c0a67f8a000-7c0a67fe6000 rw-p 00000000 00:00 0 
7c0a67fe6000-7c0a6800e000 r--p 00000000 08:30 600592014                  /nix/store/4nlgxhb09sdr51nc9hdm8az5b08vzkgx-glibc-2.35-163/lib/libc.so.6
7c0a6800e000-7c0a68184000 r-xp 00028000 08:30 600592014                  /nix/store/4nlgxhb09sdr51nc9hdm8az5b08vzkgx-glibc-2.35-163/lib/libc.so.6
7c0a68184000-7c0a681dc000 r--p 0019e000 08:30 600592014                  /nix/store/4nlgxhb09sdr51nc9hdm8az5b08vzkgx-glibc-2.35-163/lib/libc.so.6
7c0a681dc000-7c0a681e0000 r--p 001f6000 08:30 600592014                  /nix/store/4nlgxhb09sdr51nc9hdm8az5b08vzkgx-glibc-2.35-163/lib/libc.so.6
7c0a681e0000-7c0a681e2000 rw-p 001fa000 08:30 600592014                  /nix/store/4nlgxhb09sdr51nc9hdm8az5b08vzkgx-glibc-2.35-163/lib/libc.so.6
7c0a681e2000-7c0a681f1000 rw-p 00000000 00:00 0 
7c0a681f1000-7c0a681f2000 r--p 00000000 08:30 600592019                  /nix/store/4nlgxhb09sdr51nc9hdm8az5b08vzkgx-glibc-2.35-163/lib/libdl.so.2
7c0a681f2000-7c0a681f3000 r-xp 00001000 08:30 600592019                  /nix/store/4nlgxhb09sdr51nc9hdm8az5b08vzkgx-glibc-2.35-163/lib/libdl.so.2
7c0a681f3000-7c0a681f4000 r--p 00002000 08:30 600592019                  /nix/store/4nlgxhb09sdr51nc9hdm8az5b08vzkgx-glibc-2.35-163/lib/libdl.so.2
7c0a681f4000-7c0a681f5000 r--p 00002000 08:30 600592019                  /nix/store/4nlgxhb09sdr51nc9hdm8az5b08vzkgx-glibc-2.35-163/lib/libdl.so.2
7c0a681f5000-7c0a681f6000 rw-p 00003000 08:30 600592019                  /nix/store/4nlgxhb09sdr51nc9hdm8az5b08vzkgx-glibc-2.35-163/lib/libdl.so.2
7c0a681f6000-7c0a681f7000 r--p 00000000 08:30 600592038                  /nix/store/4nlgxhb09sdr51nc9hdm8az5b08vzkgx-glibc-2.35-163/lib/libpthread.so.0
7c0a681f7000-7c0a681f8000 r-xp 00001000 08:30 600592038                  /nix/store/4nlgxhb09sdr51nc9hdm8az5b08vzkgx-glibc-2.35-163/lib/libpthread.so.0
7c0a681f8000-7c0a681f9000 r--p 00002000 08:30 600592038                  /nix/store/4nlgxhb09sdr51nc9hdm8az5b08vzkgx-glibc-2.35-163/lib/libpthread.so.0
7c0a681f9000-7c0a681fa000 r--p 00002000 08:30 600592038                  /nix/store/4nlgxhb09sdr51nc9hdm8az5b08vzkgx-glibc-2.35-163/lib/libpthread.so.0
7c0a681fa000-7c0a681fb000 rw-p 00003000 08:30 600592038                  /nix/store/4nlgxhb09sdr51nc9hdm8az5b08vzkgx-glibc-2.35-163/lib/libpthread.so.0
7c0a681fb000-7c0a68209000 r-xp 00000000 08:30 707802129                  /nix/store/gpxl5qgg8kicmcvivwmybwjlpf7wh20l-graalvm17-ce-22.3.0/lib/libjli.so
7c0a68209000-7c0a6820a000 ---p 0000e000 08:30 707802129                  /nix/store/gpxl5qgg8kicmcvivwmybwjlpf7wh20l-graalvm17-ce-22.3.0/lib/libjli.so
7c0a6820a000-7c0a6820b000 r--p 0000e000 08:30 707802129                  /nix/store/gpxl5qgg8kicmcvivwmybwjlpf7wh20l-graalvm17-ce-22.3.0/lib/libjli.so
7c0a6820b000-7c0a6820c000 rw-p 0000f000 08:30 707802129                  /nix/store/gpxl5qgg8kicmcvivwmybwjlpf7wh20l-graalvm17-ce-22.3.0/lib/libjli.so
7c0a6820c000-7c0a6820d000 rw-p 00012000 08:30 707802129                  /nix/store/gpxl5qgg8kicmcvivwmybwjlpf7wh20l-graalvm17-ce-22.3.0/lib/libjli.so
7c0a6820d000-7c0a68210000 r--p 00000000 08:30 678822167                  /nix/store/026hln0aq1hyshaxsdvhg0kmcm6yf45r-zlib-1.2.13/lib/libz.so.1.2.13
7c0a68210000-7c0a68222000 r-xp 00003000 08:30 678822167                  /nix/store/026hln0aq1hyshaxsdvhg0kmcm6yf45r-zlib-1.2.13/lib/libz.so.1.2.13
7c0a68222000-7c0a68229000 r--p 00015000 08:30 678822167                  /nix/store/026hln0aq1hyshaxsdvhg0kmcm6yf45r-zlib-1.2.13/lib/libz.so.1.2.13
7c0a68229000-7c0a6822a000 r--p 0001b000 08:30 678822167                  /nix/store/026hln0aq1hyshaxsdvhg0kmcm6yf45r-zlib-1.2.13/lib/libz.so.1.2.13
7c0a6822a000-7c0a6822b000 rw-p 0001c000 08:30 678822167                  /nix/store/026hln0aq1hyshaxsdvhg0kmcm6yf45r-zlib-1.2.13/lib/libz.so.1.2.13
7c0a6822b000-7c0a6822d000 rw-p 00000000 00:00 0 
7c0a6822d000-7c0a6822f000 r--p 00000000 08:30 600592008                  /nix/store/4nlgxhb09sdr51nc9hdm8az5b08vzkgx-glibc-2.35-163/lib/ld-linux-x86-64.so.2
7c0a6822f000-7c0a68256000 r-xp 00002000 08:30 600592008                  /nix/store/4nlgxhb09sdr51nc9hdm8az5b08vzkgx-glibc-2.35-163/lib/ld-linux-x86-64.so.2
7c0a68256000-7c0a68262000 r--p 00029000 08:30 600592008                  /nix/store/4nlgxhb09sdr51nc9hdm8az5b08vzkgx-glibc-2.35-163/lib/ld-linux-x86-64.so.2
7c0a68262000-7c0a68264000 r--p 00034000 08:30 600592008                  /nix/store/4nlgxhb09sdr51nc9hdm8az5b08vzkgx-glibc-2.35-163/lib/ld-linux-x86-64.so.2
7c0a68264000-7c0a68266000 rw-p 00036000 08:30 600592008                  /nix/store/4nlgxhb09sdr51nc9hdm8az5b08vzkgx-glibc-2.35-163/lib/ld-linux-x86-64.so.2
7ffce0ad4000-7ffce0af9000 rw-p 00000000 00:00 0                          [stack]
7ffce0bb6000-7ffce0bba000 r--p 00000000 00:00 0                          [vvar]
7ffce0bba000-7ffce0bbc000 r-xp 00000000 00:00 0                          [vdso]
ffffffffff600000-ffffffffff601000 --xp 00000000 00:00 0                  [vsyscall]


VM Arguments:
jvm_args: -XX:ThreadPriorityPolicy=1 -XX:+UnlockExperimentalVMOptions -XX:+EnableJVMCIProduct -XX:JVMCIThreadsPerNativeLibraryRuntime=1 -XX:-UnlockExperimentalVMOptions -Declipse.application=org.eclipse.jdt.ls.core.id1 -Dosgi.bundles.defaultStartLevel=4 -Declipse.product=org.eclipse.jdt.ls.core.product -Dlog.level=ALL -Xverify:none -XX:+UseParallelGC -XX:GCTimeRatio=4 -XX:AdaptiveSizePolicyWeight=90 -Dsun.zip.disableMemoryMapping=true -Xmx512m -Xms100m 
java_command: /nix/store/q9712qvwdh22a4krw4jz2sjrz07mvjbl-jdt-language-server-1.9.0/share/java/plugins/org.eclipse.equinox.launcher_1.6.400.v20210924-0641.jar --add-modules=ALL-SYSTEM --add-opens java.base/java.util=ALL-UNNAMED --add-opens java.base/java.lang=ALL-UNNAMED -configuration /home/runner/ObjectClasses-Review/.cache/jdt-language-server/config -data /home/runner/.cache/jdt-language-server/data/home/runner/ObjectClasses-Review
java_class_path (initial): /nix/store/q9712qvwdh22a4krw4jz2sjrz07mvjbl-jdt-language-server-1.9.0/share/java/plugins/org.eclipse.equinox.launcher_1.6.400.v20210924-0641.jar
Launcher Type: SUN_STANDARD

[Global flags]
    uintx AdaptiveSizePolicyWeight                 = 90                                        {product} {command line}
     intx CICompilerCount                          = 2                                         {product} {ergonomic}
     bool EnableJVMCIProduct                       = true                                {JVMCI product} {jimage}
    uintx GCTimeRatio                              = 4                                         {product} {command line}
   size_t InitialHeapSize                          = 104857600                                 {product} {command line}
     uint JVMCIThreadsPerNativeLibraryRuntime      = 1                                   {JVMCI product} {jimage}
   size_t MaxHeapSize                              = 536870912                                 {product} {command line}
   size_t MaxNewSize                               = 178782208                                 {product} {ergonomic}
   size_t MinHeapDeltaBytes                        = 524288                                    {product} {ergonomic}
   size_t MinHeapSize                              = 104857600                                 {product} {command line}
   size_t NewSize                                  = 34603008                                  {product} {ergonomic}
    uintx NonNMethodCodeHeapSize                   = 5826188                                {pd product} {ergonomic}
    uintx NonProfiledCodeHeapSize                  = 122916026                              {pd product} {ergonomic}
   size_t OldSize                                  = 70254592                                  {product} {ergonomic}
    uintx ProfiledCodeHeapSize                     = 122916026                              {pd product} {ergonomic}
    uintx ReservedCodeCacheSize                    = 251658240                              {pd product} {ergonomic}
     bool SegmentedCodeCache                       = true                                      {product} {ergonomic}
   size_t SoftMaxHeapSize                          = 536870912                              {manageable} {ergonomic}
     intx ThreadPriorityPolicy                     = 1                                         {product} {jimage}
     bool UseCompressedClassPointers               = true                           {product lp64_product} {ergonomic}
     bool UseCompressedOops                        = true                           {product lp64_product} {ergonomic}
     bool UseParallelGC                            = true                                      {product} {command line}

Logging:
Log output configuration:
 #0: stdout all=warning uptime,level,tags
 #1: stderr all=off uptime,level,tags

Environment Variables:
JAVA_HOME=/nix/store/gpxl5qgg8kicmcvivwmybwjlpf7wh20l-graalvm17-ce-22.3.0
PATH=/nix/store/1d6ian3r8kdzspw8hacjhl3xkp40g1lj-binutils-wrapper-2.39/bin:/nix/store/dq0xwmsk1g0i2ayg6pb7y87na2knzylh-gcc-wrapper-11.3.0/bin:/nix/store/bap4d0lpcrhpwmpb8ayjcgkmvfj62lnq-bash-interactive-5.1-p16/bin:/nix/store/pr5n59mb4jzmfx6kanwxly0l07p861fg-patchelf-0.15.0/bin:/nix/store/1gf2flfqnpqbr1b4p4qz2f72y42bs56r-gcc-11.3.0/bin:/nix/store/57xv61c5zi8pphjbcwxxjlgc34p61ic9-glibc-2.35-163-bin/bin:/nix/store/a7gvj343m05j2s32xcnwr35v31ynlypr-coreutils-9.1/bin:/nix/store/039g378vc3pc3dvi9dzdlrd0i4q93qwf-binutils-2.39/bin:/nix/store/gpxl5qgg8kicmcvivwmybwjlpf7wh20l-graalvm17-ce-22.3.0/bin:/nix/store/6z9ag3ihc8mq2hzsw48lhbznvzny65nz-apache-maven-3.8.6/bin:/nix/store/q9712qvwdh22a4krw4jz2sjrz07mvjbl-jdt-language-server-1.9.0/bin:/nix/store/9zdrgm97n766nc0kj11x4xvvp00qlfk9-java-debug/bin:/nix/store/18y8p4mjwjy26npih04hfv48wz9czgk3-attr-2.5.1-bin/bin:/nix/store/q8s1kzhsblr2a1p2g0lh2dkcgca1im3z-libcap-2.66/bin:/nix/store/bvihhgw8bh6cqqlj0d4s8cvmm4mqmzfc-pulseaudio-16.1/bin:/nix/store/mydc6f4k2z73xlcz7ilif3v2lcaiqvza-findutils-4.9.0/bin:/nix/store/j9p3g8472iijd50vhdprx0nmk2fqn5gv-diffutils-3.8/bin:/nix/store/89zs7rms6x00xfq4dq6m7mjnhkr8a6r4-gnused-4.8/bin:/nix/store/86bp03jkmsl6f92w0yzg4s59g5mhxwmy-gnugrep-3.7/bin:/nix/store/hwcdqw4jrjnd37wxqgsd47hd0j8bnj09-gawk-5.1.1/bin:/nix/store/cfbhw8r8ags41vwqaz47r583d0p4h4a1-gnutar-1.34/bin:/nix/store/p3m1ndl1lapwrlh698bnb5lvvxh67378-gzip-1.12/bin:/nix/store/a8mhcagrsly7c7mpjrpsnaahk4aax056-bzip2-1.0.8-bin/bin:/nix/store/mblgz65m3zv9x548a3d5m96fj2pbwr09-gnumake-4.3/bin:/nix/store/dsd5gz46hdbdk2rfdimqddhq6m8m8fqs-bash-5.1-p16/bin:/nix/store/v7ljksji50mg3w61dykaa3n3y79n6nil-patch-2.7.6/bin:/nix/store/zlcnmqq14jz5x9439jf937mvayyl63da-xz-5.2.7-bin/bin:/nix/store/y6aj732zm9m87c82fpvf103a1xb22blp-file-5.43/bin:/nix/store/yq0vlv3d2f5si3ibawpq5ay2pc6knixp-nix-2.18.0pre20230808_c0e6466/bin:/nix/store/i4kzir3m7mrisxmf5xvlnkw01x4qaqr4-prybar-elisp-0.0.0-e0d9a52/bin:/nix/store/lwwivxf6h7x3cvxp9zv8sj0mv7dak99r-prybar-lua-0.0.0-e0d9a52/bin:/nix/st
LD_LIBRARY_PATH=/nix/store/a4pff549sk2idnkpzk5nsfps3mdkdnvm-cups-2.4.2-lib/lib:/nix/store/72mqxxhh3cy5yifh92wh2yb8cl2hikyy-cairo-1.16.0/lib:/nix/store/2k366jrbsra97gjfxwvrhvixjfxdach5-glib-2.74.1/lib:/nix/store/2j2znigd8ak37rlwh9khz0ry3clqlw1l-gtk+3-3.24.34/lib
DISPLAY=:0
LANG=en_US.UTF-8

Signal Handlers:
   SIGSEGV: crash_handler in libjvm.so, mask=11100100010111111101111111111110, flags=SA_RESTART|SA_SIGINFO
    SIGBUS: crash_handler in libjvm.so, mask=11100100010111111101111111111110, flags=SA_RESTART|SA_SIGINFO
    SIGFPE: crash_handler in libjvm.so, mask=11100100010111111101111111111110, flags=SA_RESTART|SA_SIGINFO
   SIGPIPE: IsolateEnterStub_IgnoreSIGPIPEStartupHook_noopSignalHandler_8f19bff2f35b5f630d83b364d6b2339320d4ec70_216e8361c6bc87a8f89f58cc10d3b2fd4415bf87 in libjvmcicompiler.so, mask=00000000000000000000000000000000, flags=SA_RESTART
  *** Handler was modified!
  *** Expected: javaSignalHandler in libjvm.so, mask=11100100110111111111111111111110, flags=SA_RESTART|SA_SIGINFO
   SIGXFSZ: javaSignalHandler in libjvm.so, mask=11100100010111111101111111111110, flags=SA_RESTART|SA_SIGINFO
    SIGILL: crash_handler in libjvm.so, mask=11100100010111111101111111111110, flags=SA_RESTART|SA_SIGINFO
   SIGUSR2: SR_handler in libjvm.so, mask=00000000000000000000000000000000, flags=SA_RESTART|SA_SIGINFO
    SIGHUP: UserHandler in libjvm.so, mask=11100100010111111101111111111110, flags=SA_RESTART|SA_SIGINFO
    SIGINT: UserHandler in libjvm.so, mask=11100100010111111101111111111110, flags=SA_RESTART|SA_SIGINFO
   SIGTERM: UserHandler in libjvm.so, mask=11100100010111111101111111111110, flags=SA_RESTART|SA_SIGINFO
   SIGQUIT: UserHandler in libjvm.so, mask=11100100010111111101111111111110, flags=SA_RESTART|SA_SIGINFO
  *** Handler was modified!
  *** Expected: javaSignalHandler in libjvm.so, mask=11100100110111111111111111111110, flags=SA_RESTART|SA_SIGINFO
   SIGTRAP: crash_handler in libjvm.so, mask=11100100010111111101111111111110, flags=SA_RESTART|SA_SIGINFO


---------------  S Y S T E M  ---------------

OS:
DISTRIB_ID=Ubuntu
DISTRIB_RELEASE=20.04
DISTRIB_CODENAME=focal
DISTRIB_DESCRIPTION="Ubuntu 20.04.2 LTS"
uname: Linux 6.5.0-1016-gcp #16~22.04.1-Ubuntu SMP Sat Mar  9 00:58:37 UTC 2024 x86_64
OS uptime: 0 days 9:54 hours
libc: glibc 2.35 NPTL 2.35 
rlimit (soft/hard): STACK 8192k/infinity , CORE infinity/infinity , NPROC infinity/infinity , NOFILE 5242/5242 , AS infinity/infinity , CPU infinity/infinity , DATA infinity/infinity , FSIZE infinity/infinity , MEMLOCK 8192k/8192k
load average: 14.33 16.92 17.09

/proc/meminfo:
MemTotal:       65835412 kB
MemFree:        31995156 kB
MemAvailable:   40888872 kB
Buffers:           86720 kB
Cached:          8613568 kB
SwapCached:            0 kB
Active:         12630220 kB
Inactive:       18707132 kB
Active(anon):    9674480 kB
Inactive(anon): 13009036 kB
Active(file):    2955740 kB
Inactive(file):  5698096 kB
Unevictable:       27992 kB
Mlocked:           27992 kB
SwapTotal:             0 kB
SwapFree:              0 kB
Zswap:                 0 kB
Zswapped:              0 kB
Dirty:             12572 kB
Writeback:             0 kB
AnonPages:      22485584 kB
Mapped:          2428232 kB
Shmem:             84128 kB
KReclaimable:     966332 kB
Slab:            1588236 kB
SReclaimable:     966332 kB
SUnreclaim:       621904 kB
KernelStack:      169336 kB
PageTables:       346144 kB
SecPageTables:         0 kB
NFS_Unstable:          0 kB
Bounce:                0 kB
WritebackTmp:          0 kB
CommitLimit:    32917704 kB
Committed_AS:   68082184 kB
VmallocTotal:   34359738367 kB
VmallocUsed:      197740 kB
VmallocChunk:          0 kB
Percpu:            44576 kB
HardwareCorrupted:     0 kB
AnonHugePages:   1280000 kB
ShmemHugePages:        0 kB
ShmemPmdMapped:        0 kB
FileHugePages:         0 kB
FilePmdMapped:         0 kB
Unaccepted:            0 kB
HugePages_Total:       0
HugePages_Free:        0
HugePages_Rsvd:        0
HugePages_Surp:        0
Hugepagesize:       2048 kB
Hugetlb:               0 kB
DirectMap4k:      199480 kB
DirectMap2M:    23914496 kB
DirectMap1G:    45088768 kB

/sys/kernel/mm/transparent_hugepage/enabled: always [madvise] never
/sys/kernel/mm/transparent_hugepage/defrag (defrag/compaction efforts parameter): always defer defer+madvise [madvise] never

Process Memory:
Virtual Size: 4315756K (peak: 4376364K)
Resident Set Size: 781376K (peak: 818736K) (anon: 584236K, file: 197140K, shmem: 0K)
Swapped out: 0K
C-Heap outstanding allocations: 37270K, retained: 12897K
glibc malloc tunables: (default)

/proc/sys/kernel/threads-max (system-wide limit on the number of threads): 514277
/proc/sys/vm/max_map_count (maximum number of memory map areas a process may have): 65530
/proc/sys/kernel/pid_max (system-wide limit on number of process identifiers): 4194304

container (cgroup) information:
container_type: cgroupv2
cpu_cpuset_cpus: not supported
cpu_memory_nodes: not supported
active_processor_count: 1
cpu_quota: 50000
cpu_period: 100000
cpu_shares: no shares
memory_limit_in_bytes: 1048576 k
memory_and_swap_limit_in_bytes: unlimited
memory_soft_limit_in_bytes: 524288 k
memory_usage_in_bytes: 891708 k
memory_max_usage_in_bytes: not supported
maximum number of tasks: not supported
current number of tasks: not supported

KVM virtualization detected
Steal ticks since vm start: 5708
Steal ticks percentage since vm start:  0.003

CPU: total 8 (initial active 1) (8 cores per cpu, 2 threads per core) family 23 model 49 stepping 0 microcode 0xffffffff, cx8, cmov, fxsr, ht, mmx, 3dnowpref, sse, sse2, sse3, ssse3, sse4a, sse4.1, sse4.2, popcnt, lzcnt, tsc, tscinvbit, avx, avx2, aes, clmul, bmi1, bmi2, adx, sha, fma, vzeroupper, clflush, clflushopt, hv
CPU Model and flags from /proc/cpuinfo:
model name	: AMD EPYC 7B12
flags		: fpu vme de pse tsc msr pae mce cx8 apic sep mtrr pge mca cmov pat pse36 clflush mmx fxsr sse sse2 ht syscall nx mmxext fxsr_opt pdpe1gb rdtscp lm constant_tsc rep_good nopl nonstop_tsc cpuid extd_apicid tsc_known_freq pni pclmulqdq ssse3 fma cx16 sse4_1 sse4_2 x2apic movbe popcnt aes xsave avx f16c rdrand hypervisor lahf_lm cmp_legacy cr8_legacy abm sse4a misalignsse 3dnowprefetch osvw topoext ssbd ibrs ibpb stibp vmmcall fsgsbase tsc_adjust bmi1 avx2 smep bmi2 rdseed adx smap clflushopt clwb sha_ni xsaveopt xsavec xgetbv1 clzero xsaveerptr arat npt nrip_save umip rdpid

Online cpus: 0-7
Offline cpus: 
BIOS frequency limitation: <Not Available>
Frequency switch latency (ns): <Not Available>
Available cpu frequencies: <Not Available>
Current governor: <Not Available>
Core performance/turbo boost: <Not Available>

Memory: 4k page, physical 1048576k(156856k free), swap 0k(0k free)
Page Sizes: 4k

vm_info: OpenJDK 64-Bit Server VM (17.0.5+8-jvmci-22.3-b08) for linux-amd64 JRE (17.0.5+8-jvmci-22.3-b08), built on Oct 19 2022 09:01:27 by "buildslave" with gcc 10.3.0

END.
